[0.014s] Invoking command in '/home/telemaque/Robotics_Lab/ros2_ws/build/force_land': CMAKE_PREFIX_PATH=${CMAKE_PREFIX_PATH}:/opt/ros/humble /usr/bin/cmake /home/telemaque/Robotics_Lab/ros2_ws/force_land -DCMAKE_INSTALL_PREFIX=/home/telemaque/Robotics_Lab/ros2_ws/install/force_land
[0.027s] -- Found ament_cmake: 1.3.12 (/opt/ros/humble/share/ament_cmake/cmake)
[0.135s] -- Found px4_msgs: 2.0.1 (/home/telemaque/Robotics_Lab/ros2_ws/install/px4_msgs/share/px4_msgs/cmake)
[0.167s] -- Found rosidl_generator_c: 3.1.7 (/opt/ros/humble/share/rosidl_generator_c/cmake)
[0.171s] -- Found rosidl_adapter: 3.1.7 (/opt/ros/humble/share/rosidl_adapter/cmake)
[0.179s] -- Found rosidl_generator_cpp: 3.1.7 (/opt/ros/humble/share/rosidl_generator_cpp/cmake)
[0.192s] -- Using all available rosidl_typesupport_c: rosidl_typesupport_fastrtps_c;rosidl_typesupport_introspection_c
[0.205s] -- Using all available rosidl_typesupport_cpp: rosidl_typesupport_fastrtps_cpp;rosidl_typesupport_introspection_cpp
[0.229s] -- Found rclcpp: 16.0.16 (/opt/ros/humble/share/rclcpp/cmake)
[0.286s] -- Found rmw_implementation_cmake: 6.1.2 (/opt/ros/humble/share/rmw_implementation_cmake/cmake)
[0.294s] -- Found rmw_fastrtps_cpp: 6.2.9 (/opt/ros/humble/share/rmw_fastrtps_cpp/cmake)
[0.378s] -- Found OpenSSL: /usr/lib/x86_64-linux-gnu/libcrypto.so (found version "3.0.2")  
[0.401s] -- Found FastRTPS: /opt/ros/humble/include  
[0.444s] -- Using RMW implementation 'rmw_fastrtps_cpp' as default
[0.456s] -- Looking for pthread.h
[0.523s] -- Looking for pthread.h - found
[0.523s] -- Performing Test CMAKE_HAVE_LIBC_PTHREAD
[0.587s] -- Performing Test CMAKE_HAVE_LIBC_PTHREAD - Success
[0.589s] -- Found Threads: TRUE  
[0.665s] -- Found Boost: /usr/lib/x86_64-linux-gnu/cmake/Boost-1.74.0/BoostConfig.cmake (found version "1.74.0") found components: system filesystem thread 
[0.670s] -- Found ament_lint_auto: 0.12.14 (/opt/ros/humble/share/ament_lint_auto/cmake)
[0.747s] -- Added test 'cppcheck' to perform static code analysis on C / C++ code
[0.747s] -- Configured cppcheck include dirs: /home/telemaque/Robotics_Lab/ros2_ws/force_land/include
[0.747s] -- Configured cppcheck exclude dirs and/or files: 
[0.748s] -- Added test 'lint_cmake' to check CMake code style
[0.749s] -- Added test 'uncrustify' to check C / C++ code style
[0.749s] -- Configured uncrustify additional arguments: 
[0.749s] -- Added test 'xmllint' to check XML markup files
[0.750s] -- Configuring done
[0.762s] -- Generating done
[0.764s] -- Build files have been written to: /home/telemaque/Robotics_Lab/ros2_ws/build/force_land
[0.771s] Invoked command in '/home/telemaque/Robotics_Lab/ros2_ws/build/force_land' returned '0': CMAKE_PREFIX_PATH=${CMAKE_PREFIX_PATH}:/opt/ros/humble /usr/bin/cmake /home/telemaque/Robotics_Lab/ros2_ws/force_land -DCMAKE_INSTALL_PREFIX=/home/telemaque/Robotics_Lab/ros2_ws/install/force_land
[0.773s] Invoking command in '/home/telemaque/Robotics_Lab/ros2_ws/build/force_land': CMAKE_PREFIX_PATH=${CMAKE_PREFIX_PATH}:/opt/ros/humble /usr/bin/cmake --build /home/telemaque/Robotics_Lab/ros2_ws/build/force_land -- -j12 -l12
[0.820s] [ 50%] [32mBuilding CXX object CMakeFiles/force_land.dir/src/force_land_node.cpp.o[0m
[10.429s] [100%] [32m[1mLinking CXX executable force_land[0m
[10.929s] [100%] Built target force_land
[10.940s] Invoked command in '/home/telemaque/Robotics_Lab/ros2_ws/build/force_land' returned '0': CMAKE_PREFIX_PATH=${CMAKE_PREFIX_PATH}:/opt/ros/humble /usr/bin/cmake --build /home/telemaque/Robotics_Lab/ros2_ws/build/force_land -- -j12 -l12
[10.949s] Invoking command in '/home/telemaque/Robotics_Lab/ros2_ws/build/force_land': CMAKE_PREFIX_PATH=${CMAKE_PREFIX_PATH}:/opt/ros/humble /usr/bin/cmake --install /home/telemaque/Robotics_Lab/ros2_ws/build/force_land
[10.954s] -- Install configuration: ""
[10.954s] -- Installing: /home/telemaque/Robotics_Lab/ros2_ws/install/force_land/lib/force_land/force_land
[10.957s] -- Set runtime path of "/home/telemaque/Robotics_Lab/ros2_ws/install/force_land/lib/force_land/force_land" to ""
[10.957s] -- Installing: /home/telemaque/Robotics_Lab/ros2_ws/install/force_land/share/ament_index/resource_index/package_run_dependencies/force_land
[10.958s] -- Installing: /home/telemaque/Robotics_Lab/ros2_ws/install/force_land/share/ament_index/resource_index/parent_prefix_path/force_land
[10.958s] -- Installing: /home/telemaque/Robotics_Lab/ros2_ws/install/force_land/share/force_land/environment/ament_prefix_path.sh
[10.958s] -- Installing: /home/telemaque/Robotics_Lab/ros2_ws/install/force_land/share/force_land/environment/ament_prefix_path.dsv
[10.958s] -- Installing: /home/telemaque/Robotics_Lab/ros2_ws/install/force_land/share/force_land/environment/path.sh
[10.958s] -- Installing: /home/telemaque/Robotics_Lab/ros2_ws/install/force_land/share/force_land/environment/path.dsv
[10.958s] -- Installing: /home/telemaque/Robotics_Lab/ros2_ws/install/force_land/share/force_land/local_setup.bash
[10.958s] -- Installing: /home/telemaque/Robotics_Lab/ros2_ws/install/force_land/share/force_land/local_setup.sh
[10.958s] -- Installing: /home/telemaque/Robotics_Lab/ros2_ws/install/force_land/share/force_land/local_setup.zsh
[10.958s] -- Installing: /home/telemaque/Robotics_Lab/ros2_ws/install/force_land/share/force_land/local_setup.dsv
[10.959s] -- Installing: /home/telemaque/Robotics_Lab/ros2_ws/install/force_land/share/force_land/package.dsv
[10.959s] -- Installing: /home/telemaque/Robotics_Lab/ros2_ws/install/force_land/share/ament_index/resource_index/packages/force_land
[10.959s] -- Installing: /home/telemaque/Robotics_Lab/ros2_ws/install/force_land/share/force_land/cmake/force_landConfig.cmake
[10.959s] -- Installing: /home/telemaque/Robotics_Lab/ros2_ws/install/force_land/share/force_land/cmake/force_landConfig-version.cmake
[10.959s] -- Installing: /home/telemaque/Robotics_Lab/ros2_ws/install/force_land/share/force_land/package.xml
[10.961s] Invoked command in '/home/telemaque/Robotics_Lab/ros2_ws/build/force_land' returned '0': CMAKE_PREFIX_PATH=${CMAKE_PREFIX_PATH}:/opt/ros/humble /usr/bin/cmake --install /home/telemaque/Robotics_Lab/ros2_ws/build/force_land
