[0.000000] (-) TimerEvent: {}
[0.000331] (-) JobUnselected: {'identifier': 'actuator_test'}
[0.000367] (-) JobUnselected: {'identifier': 'adis16448'}
[0.000389] (-) JobUnselected: {'identifier': 'adis16470'}
[0.000408] (-) JobUnselected: {'identifier': 'adis16477'}
[0.000427] (-) JobUnselected: {'identifier': 'adis16497'}
[0.000445] (-) JobUnselected: {'identifier': 'adis16507'}
[0.000468] (-) JobUnselected: {'identifier': 'ads1115'}
[0.000526] (-) JobUnselected: {'identifier': 'ads7953'}
[0.000544] (-) JobUnselected: {'identifier': 'airship_att_control'}
[0.000562] (-) JobUnselected: {'identifier': 'airspeed_selector'}
[0.000578] (-) JobUnselected: {'identifier': 'apps'}
[0.000594] (-) JobUnselected: {'identifier': 'asp5033'}
[0.000610] (-) JobUnselected: {'identifier': 'attitude_estimator_q'}
[0.000626] (-) JobUnselected: {'identifier': 'atxxxx'}
[0.000642] (-) JobUnselected: {'identifier': 'auav'}
[0.000657] (-) JobUnselected: {'identifier': 'auterion_autostarter'}
[0.000673] (-) JobUnselected: {'identifier': 'barometer'}
[0.000689] (-) JobUnselected: {'identifier': 'batmon'}
[0.000704] (-) JobUnselected: {'identifier': 'batt_smbus'}
[0.000721] (-) JobUnselected: {'identifier': 'battery_simulator'}
[0.000737] (-) JobUnselected: {'identifier': 'battery_status'}
[0.000753] (-) JobUnselected: {'identifier': 'bl_update'}
[0.000768] (-) JobUnselected: {'identifier': 'board_adc'}
[0.000784] (-) JobUnselected: {'identifier': 'bootloaders'}
[0.000799] (-) JobUnselected: {'identifier': 'bosch'}
[0.000815] (-) JobUnselected: {'identifier': 'broadcom'}
[0.000830] (-) JobUnselected: {'identifier': 'bsondump'}
[0.000846] (-) JobUnselected: {'identifier': 'camera_capture'}
[0.000861] (-) JobUnselected: {'identifier': 'camera_feedback'}
[0.000877] (-) JobUnselected: {'identifier': 'camera_trigger'}
[0.000893] (-) JobUnselected: {'identifier': 'cdcacm_autostart'}
[0.000909] (-) JobUnselected: {'identifier': 'cm8jl65'}
[0.000924] (-) JobUnselected: {'identifier': 'commander'}
[0.000940] (-) JobUnselected: {'identifier': 'control_allocator'}
[0.000956] (-) JobUnselected: {'identifier': 'crsf_rc'}
[0.000972] (-) JobUnselected: {'identifier': 'cyphal'}
[0.000987] (-) JobUnselected: {'identifier': 'dataman'}
[0.001003] (-) JobUnselected: {'identifier': 'dmesg'}
[0.001018] (-) JobUnselected: {'identifier': 'dshot'}
[0.001034] (-) JobUnselected: {'identifier': 'dsm_rc'}
[0.001049] (-) JobUnselected: {'identifier': 'dumpfile'}
[0.001065] (-) JobUnselected: {'identifier': 'dyn'}
[0.001080] (-) JobUnselected: {'identifier': 'dyn_hello'}
[0.001096] (-) JobUnselected: {'identifier': 'ekf2'}
[0.001111] (-) JobUnselected: {'identifier': 'esc_battery'}
[0.001127] (-) JobUnselected: {'identifier': 'ets'}
[0.001142] (-) JobUnselected: {'identifier': 'eulernav_bahrs'}
[0.001160] (-) JobUnselected: {'identifier': 'events'}
[0.001182] (-) JobUnselected: {'identifier': 'failure'}
[0.001204] (-) JobUnselected: {'identifier': 'fake_gps'}
[0.001222] (-) JobUnselected: {'identifier': 'fake_imu'}
[0.001240] (-) JobUnselected: {'identifier': 'fake_magnetometer'}
[0.001259] (-) JobUnselected: {'identifier': 'flight_mode_manager'}
[0.001279] (-) JobUnselected: {'identifier': 'force_land'}
[0.001297] (-) JobUnselected: {'identifier': 'ft_technologies'}
[0.001313] (-) JobUnselected: {'identifier': 'fw_att_control'}
[0.001330] (-) JobUnselected: {'identifier': 'fw_autotune_attitude_control'}
[0.001346] (-) JobUnselected: {'identifier': 'fw_lateral_longitudinal_control'}
[0.001365] (-) JobUnselected: {'identifier': 'fw_mode_manager'}
[0.001382] (-) JobUnselected: {'identifier': 'fw_rate_control'}
[0.001400] (-) JobUnselected: {'identifier': 'fxas21002c'}
[0.001419] (-) JobUnselected: {'identifier': 'fxos8701cq'}
[0.001437] (-) JobUnselected: {'identifier': 'ghst_rc'}
[0.001453] (-) JobUnselected: {'identifier': 'gimbal'}
[0.001475] (-) JobUnselected: {'identifier': 'gpio'}
[0.001545] (-) JobUnselected: {'identifier': 'gps'}
[0.001563] (-) JobUnselected: {'identifier': 'gy_us42'}
[0.001579] (-) JobUnselected: {'identifier': 'gyro_calibration'}
[0.001596] (-) JobUnselected: {'identifier': 'gyro_fft'}
[0.001662] (-) JobUnselected: {'identifier': 'gz_bridge'}
[0.001681] (-) JobUnselected: {'identifier': 'gz_msgs'}
[0.001697] (-) JobUnselected: {'identifier': 'hardfault_log'}
[0.001712] (-) JobUnselected: {'identifier': 'hardfault_stream'}
[0.001728] (-) JobUnselected: {'identifier': 'heater'}
[0.001744] (-) JobUnselected: {'identifier': 'hello'}
[0.001759] (-) JobUnselected: {'identifier': 'hist'}
[0.001774] (-) JobUnselected: {'identifier': 'i2c_launcher'}
[0.001805] (-) JobUnselected: {'identifier': 'i2cdetect'}
[0.001822] (-) JobUnselected: {'identifier': 'iam20680hp'}
[0.001838] (-) JobUnselected: {'identifier': 'icm20602'}
[0.001854] (-) JobUnselected: {'identifier': 'icm20608g'}
[0.001871] (-) JobUnselected: {'identifier': 'icm20649'}
[0.001887] (-) JobUnselected: {'identifier': 'icm20689'}
[0.001902] (-) JobUnselected: {'identifier': 'icm20948'}
[0.001918] (-) JobUnselected: {'identifier': 'icm40609d'}
[0.001934] (-) JobUnselected: {'identifier': 'icm42605'}
[0.001949] (-) JobUnselected: {'identifier': 'icm42670p'}
[0.001966] (-) JobUnselected: {'identifier': 'icm42688p'}
[0.001981] (-) JobUnselected: {'identifier': 'icm45686'}
[0.001996] (-) JobUnselected: {'identifier': 'iim42652'}
[0.002010] (-) JobUnselected: {'identifier': 'iim42653'}
[0.002025] (-) JobUnselected: {'identifier': 'ilabs'}
[0.002040] (-) JobUnselected: {'identifier': 'ina220'}
[0.002055] (-) JobUnselected: {'identifier': 'ina226'}
[0.002069] (-) JobUnselected: {'identifier': 'ina228'}
[0.002084] (-) JobUnselected: {'identifier': 'ina238'}
[0.002099] (-) JobUnselected: {'identifier': 'internal_combustion_engine_control'}
[0.002114] (-) JobUnselected: {'identifier': 'io_bypass_control'}
[0.002129] (-) JobUnselected: {'identifier': 'irlock'}
[0.002144] (-) JobUnselected: {'identifier': 'l3gd20'}
[0.002158] (-) JobUnselected: {'identifier': 'land_detector'}
[0.002173] (-) JobUnselected: {'identifier': 'landing_target_estimator'}
[0.002188] (-) JobUnselected: {'identifier': 'launch_kmod'}
[0.002203] (-) JobUnselected: {'identifier': 'led_control'}
[0.002218] (-) JobUnselected: {'identifier': 'leddar_one'}
[0.002233] (-) JobUnselected: {'identifier': 'lib'}
[0.002247] (-) JobUnselected: {'identifier': 'lights'}
[0.002262] (-) JobUnselected: {'identifier': 'lightware_laser_i2c'}
[0.002277] (-) JobUnselected: {'identifier': 'lightware_laser_serial'}
[0.002292] (-) JobUnselected: {'identifier': 'lightware_sf45_serial'}
[0.002307] (-) JobUnselected: {'identifier': 'linux_pwm_out'}
[0.002321] (-) JobUnselected: {'identifier': 'll40ls'}
[0.002335] (-) JobUnselected: {'identifier': 'll40ls_pwm'}
[0.002350] (-) JobUnselected: {'identifier': 'load_mon'}
[0.002365] (-) JobUnselected: {'identifier': 'local_position_estimator'}
[0.002379] (-) JobUnselected: {'identifier': 'logger'}
[0.002394] (-) JobUnselected: {'identifier': 'lsm303d'}
[0.002408] (-) JobUnselected: {'identifier': 'lsm9ds1'}
[0.002423] (-) JobUnselected: {'identifier': 'mag_bias_estimator'}
[0.002438] (-) JobUnselected: {'identifier': 'magnetometer'}
[0.002452] (-) JobUnselected: {'identifier': 'manual_control'}
[0.002476] (-) JobUnselected: {'identifier': 'mappydot'}
[0.002495] (-) JobUnselected: {'identifier': 'matlab_csv_serial'}
[0.002510] (-) JobUnselected: {'identifier': 'mavlink'}
[0.002525] (-) JobUnselected: {'identifier': 'mb12xx'}
[0.002540] (-) JobUnselected: {'identifier': 'mc_att_control'}
[0.002555] (-) JobUnselected: {'identifier': 'mc_autotune_attitude_control'}
[0.002570] (-) JobUnselected: {'identifier': 'mc_hover_thrust_estimator'}
[0.002586] (-) JobUnselected: {'identifier': 'mc_nn_control'}
[0.002600] (-) JobUnselected: {'identifier': 'mc_pos_control'}
[0.002615] (-) JobUnselected: {'identifier': 'mc_raptor'}
[0.002630] (-) JobUnselected: {'identifier': 'mc_rate_control'}
[0.002645] (-) JobUnselected: {'identifier': 'mcp23009'}
[0.002659] (-) JobUnselected: {'identifier': 'mcp23017'}
[0.002675] (-) JobUnselected: {'identifier': 'mcp9808'}
[0.002693] (-) JobUnselected: {'identifier': 'mft'}
[0.002710] (-) JobUnselected: {'identifier': 'mft_cfg'}
[0.002732] (-) JobUnselected: {'identifier': 'microbench'}
[0.002750] (-) JobUnselected: {'identifier': 'microstrain'}
[0.002765] (-) JobUnselected: {'identifier': 'mpu6000'}
[0.002781] (-) JobUnselected: {'identifier': 'mpu6500'}
[0.002800] (-) JobUnselected: {'identifier': 'mpu9250'}
[0.002821] (-) JobUnselected: {'identifier': 'ms4515'}
[0.002838] (-) JobUnselected: {'identifier': 'ms4525do'}
[0.002857] (-) JobUnselected: {'identifier': 'ms5525dso'}
[0.002877] (-) JobUnselected: {'identifier': 'msp_osd'}
[0.002895] (-) JobUnselected: {'identifier': 'mtd'}
[0.002911] (-) JobUnselected: {'identifier': 'navigator'}
[0.002927] (-) JobUnselected: {'identifier': 'netman'}
[0.002942] (-) JobUnselected: {'identifier': 'nshterm'}
[0.002957] (-) JobUnselected: {'identifier': 'offboard_rl'}
[0.002972] (-) JobUnselected: {'identifier': 'paa3905'}
[0.002987] (-) JobUnselected: {'identifier': 'param'}
[0.003003] (-) JobUnselected: {'identifier': 'paw3902'}
[0.003017] (-) JobUnselected: {'identifier': 'payload_deliverer'}
[0.003033] (-) JobUnselected: {'identifier': 'pca9685_pwm_out'}
[0.003050] (-) JobUnselected: {'identifier': 'pcf8583'}
[0.003067] (-) JobUnselected: {'identifier': 'perf'}
[0.003084] (-) JobUnselected: {'identifier': 'pga460'}
[0.003101] (-) JobUnselected: {'identifier': 'pmw3901'}
[0.003118] (-) JobUnselected: {'identifier': 'posix'}
[0.003135] (-) JobUnselected: {'identifier': 'pps_capture'}
[0.003151] (-) JobUnselected: {'identifier': 'pwm_input'}
[0.003166] (-) JobUnselected: {'identifier': 'pwm_out'}
[0.003182] (-) JobUnselected: {'identifier': 'pwm_out_sim'}
[0.003198] (-) JobUnselected: {'identifier': 'px4'}
[0.003213] (-) JobUnselected: {'identifier': 'px4_gz_plugins'}
[0.003228] (-) JobUnselected: {'identifier': 'px4_mavlink_debug'}
[0.003244] (-) JobUnselected: {'identifier': 'px4_simple_app'}
[0.003262] (-) JobUnselected: {'identifier': 'px4flow'}
[0.003280] (-) JobUnselected: {'identifier': 'px4io'}
[0.003297] (-) JobUnselected: {'identifier': 'px4iofirmware'}
[0.003313] (-) JobUnselected: {'identifier': 'qurt'}
[0.003329] (-) JobUnselected: {'identifier': 'rc_input'}
[0.003348] (-) JobUnselected: {'identifier': 'rc_update'}
[0.003365] (-) JobUnselected: {'identifier': 'reboot'}
[0.003382] (-) JobUnselected: {'identifier': 'reflect'}
[0.003397] (-) JobUnselected: {'identifier': 'replay'}
[0.003413] (-) JobUnselected: {'identifier': 'roboclaw'}
[0.003429] (-) JobUnselected: {'identifier': 'rover_ackermann'}
[0.003444] (-) JobUnselected: {'identifier': 'rover_differential'}
[0.003468] (-) JobUnselected: {'identifier': 'rover_mecanum'}
[0.003490] (-) JobUnselected: {'identifier': 'rpi_rc_in'}
[0.003507] (-) JobUnselected: {'identifier': 'rpm_capture'}
[0.003522] (-) JobUnselected: {'identifier': 'rpm_simulator'}
[0.003537] (-) JobUnselected: {'identifier': 'safety_button'}
[0.003553] (-) JobUnselected: {'identifier': 'sbgecom'}
[0.003568] (-) JobUnselected: {'identifier': 'sbus_rc'}
[0.003583] (-) JobUnselected: {'identifier': 'sch16t'}
[0.003600] (-) JobUnselected: {'identifier': 'sd_bench'}
[0.003615] (-) JobUnselected: {'identifier': 'sd_stress'}
[0.003629] (-) JobUnselected: {'identifier': 'sdp3x'}
[0.003644] (-) JobUnselected: {'identifier': 'sensor_agp_sim'}
[0.003659] (-) JobUnselected: {'identifier': 'sensor_airspeed_sim'}
[0.003674] (-) JobUnselected: {'identifier': 'sensor_baro_sim'}
[0.003881] (-) JobUnselected: {'identifier': 'sensor_gps_sim'}
[0.003905] (-) JobUnselected: {'identifier': 'sensor_mag_sim'}
[0.003914] (-) JobUnselected: {'identifier': 'sensors'}
[0.003922] (-) JobUnselected: {'identifier': 'septentrio'}
[0.003929] (-) JobUnselected: {'identifier': 'serial_passthru'}
[0.003936] (-) JobUnselected: {'identifier': 'serial_test'}
[0.003943] (-) JobUnselected: {'identifier': 'sht3x'}
[0.003950] (-) JobUnselected: {'identifier': 'shutdown'}
[0.003957] (-) JobUnselected: {'identifier': 'simulator_mavlink'}
[0.003967] (-) JobUnselected: {'identifier': 'simulator_sih'}
[0.003974] (-) JobUnselected: {'identifier': 'slpi'}
[0.003981] (-) JobUnselected: {'identifier': 'spacecraft'}
[0.003988] (-) JobUnselected: {'identifier': 'srf02'}
[0.004002] (-) JobUnselected: {'identifier': 'srf05'}
[0.004008] (-) JobUnselected: {'identifier': 'stub_keystore'}
[0.004018] (-) JobUnselected: {'identifier': 'sw_crypto'}
[0.004027] (-) JobUnselected: {'identifier': 'system_power_simulator'}
[0.004035] (-) JobUnselected: {'identifier': 'system_time'}
[0.004045] (-) JobUnselected: {'identifier': 'tap_esc'}
[0.004052] (-) JobUnselected: {'identifier': 'tattu_can'}
[0.004062] (-) JobUnselected: {'identifier': 'telemetry'}
[0.004069] (-) JobUnselected: {'identifier': 'temperature_compensation'}
[0.004076] (-) JobUnselected: {'identifier': 'template_module'}
[0.004083] (-) JobUnselected: {'identifier': 'teraranger'}
[0.004090] (-) JobUnselected: {'identifier': 'test_ppm'}
[0.004097] (-) JobUnselected: {'identifier': 'tests'}
[0.004104] (-) JobUnselected: {'identifier': 'tf02pro'}
[0.004112] (-) JobUnselected: {'identifier': 'tfmini'}
[0.004123] (-) JobUnselected: {'identifier': 'thoneflow'}
[0.004132] (-) JobUnselected: {'identifier': 'time_persistor'}
[0.004140] (-) JobUnselected: {'identifier': 'tla2528'}
[0.004147] (-) JobUnselected: {'identifier': 'tmp102'}
[0.004154] (-) JobUnselected: {'identifier': 'tone_alarm'}
[0.004161] (-) JobUnselected: {'identifier': 'top'}
[0.004168] (-) JobUnselected: {'identifier': 'topic_listener'}
[0.004175] (-) JobUnselected: {'identifier': 'transponder'}
[0.004181] (-) JobUnselected: {'identifier': 'tune_control'}
[0.004188] (-) JobUnselected: {'identifier': 'uavcan'}
[0.004195] (-) JobUnselected: {'identifier': 'uavcannode'}
[0.004202] (-) JobUnselected: {'identifier': 'ulanding_radar'}
[0.004209] (-) JobUnselected: {'identifier': 'uorb'}
[0.004225] (-) JobUnselected: {'identifier': 'usb_connected'}
[0.004232] (-) JobUnselected: {'identifier': 'uuv_att_control'}
[0.004240] (-) JobUnselected: {'identifier': 'uuv_pos_control'}
[0.004247] (-) JobUnselected: {'identifier': 'uwb'}
[0.004254] (-) JobUnselected: {'identifier': 'uxrce_dds_client'}
[0.004261] (-) JobUnselected: {'identifier': 'vectornav'}
[0.004268] (-) JobUnselected: {'identifier': 'ver'}
[0.004275] (-) JobUnselected: {'identifier': 'vertiq_io'}
[0.004282] (-) JobUnselected: {'identifier': 'vl53l0x'}
[0.004289] (-) JobUnselected: {'identifier': 'vl53l1x'}
[0.004297] (-) JobUnselected: {'identifier': 'voxl2_io'}
[0.004305] (-) JobUnselected: {'identifier': 'voxl_esc'}
[0.004314] (-) JobUnselected: {'identifier': 'voxlpm'}
[0.004321] (-) JobUnselected: {'identifier': 'vtol_att_control'}
[0.004331] (-) JobUnselected: {'identifier': 'vtx'}
[0.004341] (-) JobUnselected: {'identifier': 'vtxtable'}
[0.004351] (-) JobUnselected: {'identifier': 'work_item'}
[0.004360] (-) JobUnselected: {'identifier': 'work_queue'}
[0.004370] (-) JobUnselected: {'identifier': 'zenoh'}
[0.004381] (-) EventReactorShutdown: {}
