[ 50%] [32mBuilding CXX object CMakeFiles/force_land.dir/src/force_land_node.cpp.o[0m
[100%] [32m[1mLinking CXX executable force_land[0m
[100%] Built target force_land
-- Install configuration: ""
-- Installing: /home/telemaque/Robotics_Lab/ros2_ws/install/force_land/lib/force_land/force_land
-- Set runtime path of "/home/telemaque/Robotics_Lab/ros2_ws/install/force_land/lib/force_land/force_land" to ""
-- Up-to-date: /home/telemaque/Robotics_Lab/ros2_ws/install/force_land/share/ament_index/resource_index/package_run_dependencies/force_land
-- Up-to-date: /home/telemaque/Robotics_Lab/ros2_ws/install/force_land/share/ament_index/resource_index/parent_prefix_path/force_land
-- Up-to-date: /home/telemaque/Robotics_Lab/ros2_ws/install/force_land/share/force_land/environment/ament_prefix_path.sh
-- Up-to-date: /home/telemaque/Robotics_Lab/ros2_ws/install/force_land/share/force_land/environment/ament_prefix_path.dsv
-- Up-to-date: /home/telemaque/Robotics_Lab/ros2_ws/install/force_land/share/force_land/environment/path.sh
-- Up-to-date: /home/telemaque/Robotics_Lab/ros2_ws/install/force_land/share/force_land/environment/path.dsv
-- Up-to-date: /home/telemaque/Robotics_Lab/ros2_ws/install/force_land/share/force_land/local_setup.bash
-- Up-to-date: /home/telemaque/Robotics_Lab/ros2_ws/install/force_land/share/force_land/local_setup.sh
-- Up-to-date: /home/telemaque/Robotics_Lab/ros2_ws/install/force_land/share/force_land/local_setup.zsh
-- Up-to-date: /home/telemaque/Robotics_Lab/ros2_ws/install/force_land/share/force_land/local_setup.dsv
-- Installing: /home/telemaque/Robotics_Lab/ros2_ws/install/force_land/share/force_land/package.dsv
-- Up-to-date: /home/telemaque/Robotics_Lab/ros2_ws/install/force_land/share/ament_index/resource_index/packages/force_land
-- Up-to-date: /home/telemaque/Robotics_Lab/ros2_ws/install/force_land/share/force_land/cmake/force_landConfig.cmake
-- Up-to-date: /home/telemaque/Robotics_Lab/ros2_ws/install/force_land/share/force_land/cmake/force_landConfig-version.cmake
-- Up-to-date: /home/telemaque/Robotics_Lab/ros2_ws/install/force_land/share/force_land/package.xml
