[0.013s] Invoking command in '/home/telemaque/Robotics_Lab/ros2_ws/build/armando_gazebo': CMAKE_PREFIX_PATH=${CMAKE_PREFIX_PATH}:/opt/ros/humble /usr/bin/cmake /home/telemaque/Robotics_Lab/ros2_ws/src/armando_gazebo -DAMENT_CMAKE_SYMLINK_INSTALL=1 -DCMAKE_INSTALL_PREFIX=/home/telemaque/Robotics_Lab/ros2_ws/install/armando_gazebo
[0.106s] -- The C compiler identification is GNU 11.4.0
[0.198s] -- The CXX compiler identification is GNU 11.4.0
[0.211s] -- Detecting C compiler ABI info
[0.329s] -- Detecting C compiler ABI info - done
[0.344s] -- Check for working C compiler: /usr/bin/cc - skipped
[0.344s] -- Detecting C compile features
[0.345s] -- Detecting C compile features - done
[0.350s] -- Detecting CXX compiler ABI info
[0.487s] -- Detecting CXX compiler ABI info - done
[0.499s] -- Check for working CXX compiler: /usr/bin/c++ - skipped
[0.500s] -- Detecting CXX compile features
[0.501s] -- Detecting CXX compile features - done
[0.504s] -- Found ament_cmake: 1.3.12 (/opt/ros/humble/share/ament_cmake/cmake)
[0.752s] -- Found Python3: /usr/bin/python3 (found version "3.10.12") found components: Interpreter 
[0.860s] -- Override CMake install command with custom implementation using symlinks instead of copying resources
[0.893s] -- Found ament_lint_auto: 0.12.14 (/opt/ros/humble/share/ament_lint_auto/cmake)
[1.013s] -- Added test 'flake8' to check Python code syntax and style conventions
[1.014s] -- Added test 'lint_cmake' to check CMake code style
[1.014s] -- Added test 'pep257' to check Python code against some of the docstring style conventions in PEP 257
[1.016s] -- Added test 'xmllint' to check XML markup files
[1.018s] -- Configuring done
[1.021s] -- Generating done
[1.024s] -- Build files have been written to: /home/telemaque/Robotics_Lab/ros2_ws/build/armando_gazebo
[1.031s] Invoked command in '/home/telemaque/Robotics_Lab/ros2_ws/build/armando_gazebo' returned '0': CMAKE_PREFIX_PATH=${CMAKE_PREFIX_PATH}:/opt/ros/humble /usr/bin/cmake /home/telemaque/Robotics_Lab/ros2_ws/src/armando_gazebo -DAMENT_CMAKE_SYMLINK_INSTALL=1 -DCMAKE_INSTALL_PREFIX=/home/telemaque/Robotics_Lab/ros2_ws/install/armando_gazebo
[1.034s] Invoking command in '/home/telemaque/Robotics_Lab/ros2_ws/build/armando_gazebo': CMAKE_PREFIX_PATH=${CMAKE_PREFIX_PATH}:/opt/ros/humble /usr/bin/cmake --build /home/telemaque/Robotics_Lab/ros2_ws/build/armando_gazebo -- -j12 -l12
[1.098s] Invoked command in '/home/telemaque/Robotics_Lab/ros2_ws/build/armando_gazebo' returned '0': CMAKE_PREFIX_PATH=${CMAKE_PREFIX_PATH}:/opt/ros/humble /usr/bin/cmake --build /home/telemaque/Robotics_Lab/ros2_ws/build/armando_gazebo -- -j12 -l12
[1.100s] Invoking command in '/home/telemaque/Robotics_Lab/ros2_ws/build/armando_gazebo': CMAKE_PREFIX_PATH=${CMAKE_PREFIX_PATH}:/opt/ros/humble /usr/bin/cmake --install /home/telemaque/Robotics_Lab/ros2_ws/build/armando_gazebo
[1.114s] -- Install configuration: ""
[1.114s] -- Execute custom install script
[1.115s] -- Symlinking: /home/telemaque/Robotics_Lab/ros2_ws/install/armando_gazebo/share/armando_gazebo/launch/armando_world.launch.py
[1.130s] -- Symlinking: /home/telemaque/Robotics_Lab/ros2_ws/install/armando_gazebo/share/ament_index/resource_index/package_run_dependencies/armando_gazebo
[1.145s] -- Symlinking: /home/telemaque/Robotics_Lab/ros2_ws/install/armando_gazebo/share/ament_index/resource_index/parent_prefix_path/armando_gazebo
[1.161s] -- Symlinking: /home/telemaque/Robotics_Lab/ros2_ws/install/armando_gazebo/share/armando_gazebo/environment/ament_prefix_path.sh
[1.175s] -- Symlinking: /home/telemaque/Robotics_Lab/ros2_ws/install/armando_gazebo/share/armando_gazebo/environment/ament_prefix_path.dsv
[1.189s] -- Symlinking: /home/telemaque/Robotics_Lab/ros2_ws/install/armando_gazebo/share/armando_gazebo/environment/path.sh
[1.204s] -- Symlinking: /home/telemaque/Robotics_Lab/ros2_ws/install/armando_gazebo/share/armando_gazebo/environment/path.dsv
[1.218s] -- Symlinking: /home/telemaque/Robotics_Lab/ros2_ws/install/armando_gazebo/share/armando_gazebo/local_setup.bash
[1.232s] -- Symlinking: /home/telemaque/Robotics_Lab/ros2_ws/install/armando_gazebo/share/armando_gazebo/local_setup.sh
[1.248s] -- Symlinking: /home/telemaque/Robotics_Lab/ros2_ws/install/armando_gazebo/share/armando_gazebo/local_setup.zsh
[1.263s] -- Symlinking: /home/telemaque/Robotics_Lab/ros2_ws/install/armando_gazebo/share/armando_gazebo/local_setup.dsv
[1.278s] -- Symlinking: /home/telemaque/Robotics_Lab/ros2_ws/install/armando_gazebo/share/armando_gazebo/package.dsv
[1.294s] -- Symlinking: /home/telemaque/Robotics_Lab/ros2_ws/install/armando_gazebo/share/ament_index/resource_index/packages/armando_gazebo
[1.307s] -- Symlinking: /home/telemaque/Robotics_Lab/ros2_ws/install/armando_gazebo/share/armando_gazebo/cmake/armando_gazeboConfig.cmake
[1.323s] -- Symlinking: /home/telemaque/Robotics_Lab/ros2_ws/install/armando_gazebo/share/armando_gazebo/cmake/armando_gazeboConfig-version.cmake
[1.340s] -- Symlinking: /home/telemaque/Robotics_Lab/ros2_ws/install/armando_gazebo/share/armando_gazebo/package.xml
[1.360s] Invoked command in '/home/telemaque/Robotics_Lab/ros2_ws/build/armando_gazebo' returned '0': CMAKE_PREFIX_PATH=${CMAKE_PREFIX_PATH}:/opt/ros/humble /usr/bin/cmake --install /home/telemaque/Robotics_Lab/ros2_ws/build/armando_gazebo
