-- Found ament_cmake: 1.3.12 (/opt/ros/humble/share/ament_cmake/cmake)
-- Found px4_msgs: 2.0.1 (/home/telemaque/Robotics_Lab/ros2_ws/install/px4_msgs/share/px4_msgs/cmake)
-- Found rosidl_generator_c: 3.1.7 (/opt/ros/humble/share/rosidl_generator_c/cmake)
-- Found rosidl_adapter: 3.1.7 (/opt/ros/humble/share/rosidl_adapter/cmake)
-- Found rosidl_generator_cpp: 3.1.7 (/opt/ros/humble/share/rosidl_generator_cpp/cmake)
-- Using all available rosidl_typesupport_c: rosidl_typesupport_fastrtps_c;rosidl_typesupport_introspection_c
-- Using all available rosidl_typesupport_cpp: rosidl_typesupport_fastrtps_cpp;rosidl_typesupport_introspection_cpp
-- Found rclcpp: 16.0.16 (/opt/ros/humble/share/rclcpp/cmake)
-- Found rmw_implementation_cmake: 6.1.2 (/opt/ros/humble/share/rmw_implementation_cmake/cmake)
-- Found rmw_fastrtps_cpp: 6.2.9 (/opt/ros/humble/share/rmw_fastrtps_cpp/cmake)
-- Found OpenSSL: /usr/lib/x86_64-linux-gnu/libcrypto.so (found version "3.0.2")  
-- Found FastRTPS: /opt/ros/humble/include  
-- Using RMW implementation 'rmw_fastrtps_cpp' as default
-- Looking for pthread.h
-- Looking for pthread.h - found
-- Performing Test CMAKE_HAVE_LIBC_PTHREAD
-- Performing Test CMAKE_HAVE_LIBC_PTHREAD - Success
-- Found Threads: TRUE  
-- Found Boost: /usr/lib/x86_64-linux-gnu/cmake/Boost-1.74.0/BoostConfig.cmake (found version "1.74.0") found components: system filesystem thread 
-- Found geometry_msgs: 4.9.0 (/opt/ros/humble/share/geometry_msgs/cmake)
-- Found eigen3_cmake_module: 0.1.1 (/opt/ros/humble/share/eigen3_cmake_module/cmake)
-- Found Eigen3: TRUE (found version "3.4.0") 
-- Found ament_lint_auto: 0.12.14 (/opt/ros/humble/share/ament_lint_auto/cmake)
-- Added test 'cppcheck' to perform static code analysis on C / C++ code
-- Configured cppcheck include dirs: /home/telemaque/Robotics_Lab/ros2_ws/offboard_rl/include
-- Configured cppcheck exclude dirs and/or files: 
-- Added test 'lint_cmake' to check CMake code style
-- Added test 'uncrustify' to check C / C++ code style
-- Configured uncrustify additional arguments: 
-- Added test 'xmllint' to check XML markup files
-- Configuring done
-- Generating done
-- Build files have been written to: /home/telemaque/Robotics_Lab/ros2_ws/build/offboard_rl
[ 50%] [32mBuilding CXX object CMakeFiles/execute_trajectory.dir/src/execute_trajectory.cpp.o[0m
[100%] [32m[1mLinking CXX executable execute_trajectory[0m
[100%] Built target execute_trajectory
-- Install configuration: ""
-- Installing: /home/telemaque/Robotics_Lab/ros2_ws/install/offboard_rl/lib/offboard_rl/execute_trajectory
-- Set runtime path of "/home/telemaque/Robotics_Lab/ros2_ws/install/offboard_rl/lib/offboard_rl/execute_trajectory" to ""
-- Installing: /home/telemaque/Robotics_Lab/ros2_ws/install/offboard_rl/share/ament_index/resource_index/package_run_dependencies/offboard_rl
-- Installing: /home/telemaque/Robotics_Lab/ros2_ws/install/offboard_rl/share/ament_index/resource_index/parent_prefix_path/offboard_rl
-- Installing: /home/telemaque/Robotics_Lab/ros2_ws/install/offboard_rl/share/offboard_rl/environment/ament_prefix_path.sh
-- Installing: /home/telemaque/Robotics_Lab/ros2_ws/install/offboard_rl/share/offboard_rl/environment/ament_prefix_path.dsv
-- Installing: /home/telemaque/Robotics_Lab/ros2_ws/install/offboard_rl/share/offboard_rl/environment/path.sh
-- Installing: /home/telemaque/Robotics_Lab/ros2_ws/install/offboard_rl/share/offboard_rl/environment/path.dsv
-- Installing: /home/telemaque/Robotics_Lab/ros2_ws/install/offboard_rl/share/offboard_rl/local_setup.bash
-- Installing: /home/telemaque/Robotics_Lab/ros2_ws/install/offboard_rl/share/offboard_rl/local_setup.sh
-- Installing: /home/telemaque/Robotics_Lab/ros2_ws/install/offboard_rl/share/offboard_rl/local_setup.zsh
-- Installing: /home/telemaque/Robotics_Lab/ros2_ws/install/offboard_rl/share/offboard_rl/local_setup.dsv
-- Installing: /home/telemaque/Robotics_Lab/ros2_ws/install/offboard_rl/share/offboard_rl/package.dsv
-- Installing: /home/telemaque/Robotics_Lab/ros2_ws/install/offboard_rl/share/ament_index/resource_index/packages/offboard_rl
-- Installing: /home/telemaque/Robotics_Lab/ros2_ws/install/offboard_rl/share/offboard_rl/cmake/offboard_rlConfig.cmake
-- Installing: /home/telemaque/Robotics_Lab/ros2_ws/install/offboard_rl/share/offboard_rl/cmake/offboard_rlConfig-version.cmake
-- Installing: /home/telemaque/Robotics_Lab/ros2_ws/install/offboard_rl/share/offboard_rl/package.xml
