[0.026s] Invoking command in '/home/telemaque/Robotics_Lab/ros2_ws/build/offboard_rl': CMAKE_PREFIX_PATH=/home/telemaque/Robotics_Lab/ros2_ws/install/px4_msgs:/home/telemaque/Robotics_Lab/ros2_ws/install/force_land:/opt/ros/humble /usr/bin/cmake /home/telemaque/Robotics_Lab/ros2_ws/offboard_rl -DCMAKE_INSTALL_PREFIX=/home/telemaque/Robotics_Lab/ros2_ws/install/offboard_rl
[0.082s] -- Found ament_cmake: 1.3.12 (/opt/ros/humble/share/ament_cmake/cmake)
[0.279s] -- Found px4_msgs: 2.0.1 (/home/telemaque/Robotics_Lab/ros2_ws/install/px4_msgs/share/px4_msgs/cmake)
[0.349s] -- Found rosidl_generator_c: 3.1.7 (/opt/ros/humble/share/rosidl_generator_c/cmake)
[0.358s] -- Found rosidl_adapter: 3.1.7 (/opt/ros/humble/share/rosidl_adapter/cmake)
[0.375s] -- Found rosidl_generator_cpp: 3.1.7 (/opt/ros/humble/share/rosidl_generator_cpp/cmake)
[0.397s] -- Using all available rosidl_typesupport_c: rosidl_typesupport_fastrtps_c;rosidl_typesupport_introspection_c
[0.426s] -- Using all available rosidl_typesupport_cpp: rosidl_typesupport_fastrtps_cpp;rosidl_typesupport_introspection_cpp
[0.473s] -- Found rclcpp: 16.0.16 (/opt/ros/humble/share/rclcpp/cmake)
[0.544s] -- Found rmw_implementation_cmake: 6.1.2 (/opt/ros/humble/share/rmw_implementation_cmake/cmake)
[0.549s] -- Found rmw_fastrtps_cpp: 6.2.9 (/opt/ros/humble/share/rmw_fastrtps_cpp/cmake)
[0.687s] -- Found OpenSSL: /usr/lib/x86_64-linux-gnu/libcrypto.so (found version "3.0.2")  
[0.728s] -- Found FastRTPS: /opt/ros/humble/include  
[0.783s] -- Using RMW implementation 'rmw_fastrtps_cpp' as default
[0.797s] -- Looking for pthread.h
[0.999s] -- Looking for pthread.h - found
[0.999s] -- Performing Test CMAKE_HAVE_LIBC_PTHREAD
[1.110s] -- Performing Test CMAKE_HAVE_LIBC_PTHREAD - Success
[1.111s] -- Found Threads: TRUE  
[1.229s] -- Found Boost: /usr/lib/x86_64-linux-gnu/cmake/Boost-1.74.0/BoostConfig.cmake (found version "1.74.0") found components: system filesystem thread 
[1.233s] -- Found geometry_msgs: 4.9.0 (/opt/ros/humble/share/geometry_msgs/cmake)
[1.261s] -- Found eigen3_cmake_module: 0.1.1 (/opt/ros/humble/share/eigen3_cmake_module/cmake)
[1.273s] -- Found Eigen3: TRUE (found version "3.4.0") 
[1.278s] -- Found ament_lint_auto: 0.12.14 (/opt/ros/humble/share/ament_lint_auto/cmake)
[1.426s] -- Added test 'cppcheck' to perform static code analysis on C / C++ code
[1.427s] -- Configured cppcheck include dirs: /home/telemaque/Robotics_Lab/ros2_ws/offboard_rl/include
[1.427s] -- Configured cppcheck exclude dirs and/or files: 
[1.428s] -- Added test 'lint_cmake' to check CMake code style
[1.430s] -- Added test 'uncrustify' to check C / C++ code style
[1.430s] -- Configured uncrustify additional arguments: 
[1.432s] -- Added test 'xmllint' to check XML markup files
[1.434s] -- Configuring done
[1.457s] -- Generating done
[1.463s] -- Build files have been written to: /home/telemaque/Robotics_Lab/ros2_ws/build/offboard_rl
[1.474s] Invoked command in '/home/telemaque/Robotics_Lab/ros2_ws/build/offboard_rl' returned '0': CMAKE_PREFIX_PATH=/home/telemaque/Robotics_Lab/ros2_ws/install/px4_msgs:/home/telemaque/Robotics_Lab/ros2_ws/install/force_land:/opt/ros/humble /usr/bin/cmake /home/telemaque/Robotics_Lab/ros2_ws/offboard_rl -DCMAKE_INSTALL_PREFIX=/home/telemaque/Robotics_Lab/ros2_ws/install/offboard_rl
[1.477s] Invoking command in '/home/telemaque/Robotics_Lab/ros2_ws/build/offboard_rl': CMAKE_PREFIX_PATH=/home/telemaque/Robotics_Lab/ros2_ws/install/px4_msgs:/home/telemaque/Robotics_Lab/ros2_ws/install/force_land:/opt/ros/humble /usr/bin/cmake --build /home/telemaque/Robotics_Lab/ros2_ws/build/offboard_rl -- -j12 -l12
[1.545s] [ 50%] [32mBuilding CXX object CMakeFiles/execute_trajectory.dir/src/execute_trajectory.cpp.o[0m
[30.634s] [100%] [32m[1mLinking CXX executable execute_trajectory[0m
[31.730s] [100%] Built target execute_trajectory
[31.747s] Invoked command in '/home/telemaque/Robotics_Lab/ros2_ws/build/offboard_rl' returned '0': CMAKE_PREFIX_PATH=/home/telemaque/Robotics_Lab/ros2_ws/install/px4_msgs:/home/telemaque/Robotics_Lab/ros2_ws/install/force_land:/opt/ros/humble /usr/bin/cmake --build /home/telemaque/Robotics_Lab/ros2_ws/build/offboard_rl -- -j12 -l12
[31.761s] Invoking command in '/home/telemaque/Robotics_Lab/ros2_ws/build/offboard_rl': CMAKE_PREFIX_PATH=/home/telemaque/Robotics_Lab/ros2_ws/install/px4_msgs:/home/telemaque/Robotics_Lab/ros2_ws/install/force_land:/opt/ros/humble /usr/bin/cmake --install /home/telemaque/Robotics_Lab/ros2_ws/build/offboard_rl
[31.771s] -- Install configuration: ""
[31.772s] -- Installing: /home/telemaque/Robotics_Lab/ros2_ws/install/offboard_rl/lib/offboard_rl/execute_trajectory
[31.780s] -- Set runtime path of "/home/telemaque/Robotics_Lab/ros2_ws/install/offboard_rl/lib/offboard_rl/execute_trajectory" to ""
[31.780s] -- Installing: /home/telemaque/Robotics_Lab/ros2_ws/install/offboard_rl/share/ament_index/resource_index/package_run_dependencies/offboard_rl
[31.780s] -- Installing: /home/telemaque/Robotics_Lab/ros2_ws/install/offboard_rl/share/ament_index/resource_index/parent_prefix_path/offboard_rl
[31.780s] -- Installing: /home/telemaque/Robotics_Lab/ros2_ws/install/offboard_rl/share/offboard_rl/environment/ament_prefix_path.sh
[31.781s] -- Installing: /home/telemaque/Robotics_Lab/ros2_ws/install/offboard_rl/share/offboard_rl/environment/ament_prefix_path.dsv
[31.781s] -- Installing: /home/telemaque/Robotics_Lab/ros2_ws/install/offboard_rl/share/offboard_rl/environment/path.sh
[31.781s] -- Installing: /home/telemaque/Robotics_Lab/ros2_ws/install/offboard_rl/share/offboard_rl/environment/path.dsv
[31.781s] -- Installing: /home/telemaque/Robotics_Lab/ros2_ws/install/offboard_rl/share/offboard_rl/local_setup.bash
[31.781s] -- Installing: /home/telemaque/Robotics_Lab/ros2_ws/install/offboard_rl/share/offboard_rl/local_setup.sh
[31.781s] -- Installing: /home/telemaque/Robotics_Lab/ros2_ws/install/offboard_rl/share/offboard_rl/local_setup.zsh
[31.781s] -- Installing: /home/telemaque/Robotics_Lab/ros2_ws/install/offboard_rl/share/offboard_rl/local_setup.dsv
[31.781s] -- Installing: /home/telemaque/Robotics_Lab/ros2_ws/install/offboard_rl/share/offboard_rl/package.dsv
[31.782s] -- Installing: /home/telemaque/Robotics_Lab/ros2_ws/install/offboard_rl/share/ament_index/resource_index/packages/offboard_rl
[31.782s] -- Installing: /home/telemaque/Robotics_Lab/ros2_ws/install/offboard_rl/share/offboard_rl/cmake/offboard_rlConfig.cmake
[31.782s] -- Installing: /home/telemaque/Robotics_Lab/ros2_ws/install/offboard_rl/share/offboard_rl/cmake/offboard_rlConfig-version.cmake
[31.782s] -- Installing: /home/telemaque/Robotics_Lab/ros2_ws/install/offboard_rl/share/offboard_rl/package.xml
[31.784s] Invoked command in '/home/telemaque/Robotics_Lab/ros2_ws/build/offboard_rl' returned '0': CMAKE_PREFIX_PATH=/home/telemaque/Robotics_Lab/ros2_ws/install/px4_msgs:/home/telemaque/Robotics_Lab/ros2_ws/install/force_land:/opt/ros/humble /usr/bin/cmake --install /home/telemaque/Robotics_Lab/ros2_ws/build/offboard_rl
