[0.018s] Invoking command in '/home/telemaque/Robotics_Lab/ros2_ws/build/armando_description': CMAKE_PREFIX_PATH=${CMAKE_PREFIX_PATH}:/opt/ros/humble /usr/bin/cmake --build /home/telemaque/Robotics_Lab/ros2_ws/build/armando_description -- -j12 -l12
[0.086s] Invoked command in '/home/telemaque/Robotics_Lab/ros2_ws/build/armando_description' returned '0': CMAKE_PREFIX_PATH=${CMAKE_PREFIX_PATH}:/opt/ros/humble /usr/bin/cmake --build /home/telemaque/Robotics_Lab/ros2_ws/build/armando_description -- -j12 -l12
[0.102s] Invoking command in '/home/telemaque/Robotics_Lab/ros2_ws/build/armando_description': CMAKE_PREFIX_PATH=${CMAKE_PREFIX_PATH}:/opt/ros/humble /usr/bin/cmake --install /home/telemaque/Robotics_Lab/ros2_ws/build/armando_description
[0.113s] -- Install configuration: ""
[0.114s] -- Execute custom install script
[0.115s] -- Up-to-date symlink: /home/telemaque/Robotics_Lab/ros2_ws/install/armando_description/share/armando_description/launch/armando_display.launch.py
[0.115s] -- Symlinking: /home/telemaque/Robotics_Lab/ros2_ws/install/armando_description/share/armando_description/urdf/arm.urdf.xacro
[0.129s] -- Up-to-date symlink: /home/telemaque/Robotics_Lab/ros2_ws/install/armando_description/share/armando_description/urdf/backup.urdf
[0.130s] -- Up-to-date symlink: /home/telemaque/Robotics_Lab/ros2_ws/install/armando_description/share/armando_description/meshes/base_legs_arbotix_m.stl
[0.130s] -- Up-to-date symlink: /home/telemaque/Robotics_Lab/ros2_ws/install/armando_description/share/armando_description/meshes/base_link.stl
[0.130s] -- Up-to-date symlink: /home/telemaque/Robotics_Lab/ros2_ws/install/armando_description/share/armando_description/meshes/base_turn.stl
[0.130s] -- Up-to-date symlink: /home/telemaque/Robotics_Lab/ros2_ws/install/armando_description/share/armando_description/meshes/base_turn_table.stl
[0.131s] -- Up-to-date symlink: /home/telemaque/Robotics_Lab/ros2_ws/install/armando_description/share/armando_description/meshes/base_turn_table_bot.stl
[0.131s] -- Up-to-date symlink: /home/telemaque/Robotics_Lab/ros2_ws/install/armando_description/share/armando_description/meshes/base_turn_table_rot.stl
[0.131s] -- Up-to-date symlink: /home/telemaque/Robotics_Lab/ros2_ws/install/armando_description/share/armando_description/meshes/base_turn_table_spacer.stl
[0.132s] -- Up-to-date symlink: /home/telemaque/Robotics_Lab/ros2_ws/install/armando_description/share/armando_description/meshes/dyn.stl
[0.132s] -- Up-to-date symlink: /home/telemaque/Robotics_Lab/ros2_ws/install/armando_description/share/armando_description/meshes/f4_n_f3.stl
[0.132s] -- Up-to-date symlink: /home/telemaque/Robotics_Lab/ros2_ws/install/armando_description/share/armando_description/meshes/inertia.py
[0.132s] -- Up-to-date symlink: /home/telemaque/Robotics_Lab/ros2_ws/install/armando_description/share/armando_description/meshes/servo_hinge_flange.stl
[0.132s] -- Up-to-date symlink: /home/telemaque/Robotics_Lab/ros2_ws/install/armando_description/share/armando_description/meshes/the_crawer.stl
[0.132s] -- Up-to-date symlink: /home/telemaque/Robotics_Lab/ros2_ws/install/armando_description/share/armando_description/meshes/the_crawer_base.stl
[0.132s] -- Up-to-date symlink: /home/telemaque/Robotics_Lab/ros2_ws/install/armando_description/share/armando_description/meshes/the_crawer_lever.stl
[0.133s] -- Up-to-date symlink: /home/telemaque/Robotics_Lab/ros2_ws/install/armando_description/share/armando_description/meshes/wrist.stl
[0.133s] -- Up-to-date symlink: /home/telemaque/Robotics_Lab/ros2_ws/install/armando_description/share/armando_description/meshes/wrist_rotate.stl
[0.133s] -- Up-to-date symlink: /home/telemaque/Robotics_Lab/ros2_ws/install/armando_description/share/armando_description/config/armando.rviz
[0.133s] -- Up-to-date symlink: /home/telemaque/Robotics_Lab/ros2_ws/install/armando_description/share/ament_index/resource_index/package_run_dependencies/armando_description
[0.133s] -- Up-to-date symlink: /home/telemaque/Robotics_Lab/ros2_ws/install/armando_description/share/ament_index/resource_index/parent_prefix_path/armando_description
[0.134s] -- Up-to-date symlink: /home/telemaque/Robotics_Lab/ros2_ws/install/armando_description/share/armando_description/environment/ament_prefix_path.sh
[0.134s] -- Up-to-date symlink: /home/telemaque/Robotics_Lab/ros2_ws/install/armando_description/share/armando_description/environment/ament_prefix_path.dsv
[0.134s] -- Up-to-date symlink: /home/telemaque/Robotics_Lab/ros2_ws/install/armando_description/share/armando_description/environment/path.sh
[0.134s] -- Up-to-date symlink: /home/telemaque/Robotics_Lab/ros2_ws/install/armando_description/share/armando_description/environment/path.dsv
[0.134s] -- Up-to-date symlink: /home/telemaque/Robotics_Lab/ros2_ws/install/armando_description/share/armando_description/local_setup.bash
[0.135s] -- Up-to-date symlink: /home/telemaque/Robotics_Lab/ros2_ws/install/armando_description/share/armando_description/local_setup.sh
[0.135s] -- Up-to-date symlink: /home/telemaque/Robotics_Lab/ros2_ws/install/armando_description/share/armando_description/local_setup.zsh
[0.135s] -- Up-to-date symlink: /home/telemaque/Robotics_Lab/ros2_ws/install/armando_description/share/armando_description/local_setup.dsv
[0.135s] -- Symlinking: /home/telemaque/Robotics_Lab/ros2_ws/install/armando_description/share/armando_description/package.dsv
[0.152s] -- Up-to-date symlink: /home/telemaque/Robotics_Lab/ros2_ws/install/armando_description/share/ament_index/resource_index/packages/armando_description
[0.152s] -- Up-to-date symlink: /home/telemaque/Robotics_Lab/ros2_ws/install/armando_description/share/armando_description/cmake/armando_descriptionConfig.cmake
[0.152s] -- Up-to-date symlink: /home/telemaque/Robotics_Lab/ros2_ws/install/armando_description/share/armando_description/cmake/armando_descriptionConfig-version.cmake
[0.152s] -- Up-to-date symlink: /home/telemaque/Robotics_Lab/ros2_ws/install/armando_description/share/armando_description/package.xml
[0.174s] Invoked command in '/home/telemaque/Robotics_Lab/ros2_ws/build/armando_description' returned '0': CMAKE_PREFIX_PATH=${CMAKE_PREFIX_PATH}:/opt/ros/humble /usr/bin/cmake --install /home/telemaque/Robotics_Lab/ros2_ws/build/armando_description
