[0.015s] Invoking command in '/home/telemaque/Robotics_Lab/ros2_ws/build/force_land': /usr/bin/cmake /home/telemaque/Robotics_Lab/ros2_ws/force_land -DCMAKE_INSTALL_PREFIX=/home/telemaque/Robotics_Lab/ros2_ws/install/force_land
[0.068s] -- The C compiler identification is GNU 11.4.0
[0.119s] -- The CXX compiler identification is GNU 11.4.0
[0.127s] -- Detecting C compiler ABI info
[0.184s] -- Detecting C compiler ABI info - done
[0.190s] -- Check for working C compiler: /usr/bin/cc - skipped
[0.190s] -- Detecting C compile features
[0.190s] -- Detecting C compile features - done
[0.192s] -- Detecting CXX compiler ABI info
[0.261s] -- Detecting CXX compiler ABI info - done
[0.266s] -- Check for working CXX compiler: /usr/bin/c++ - skipped
[0.266s] -- Detecting CXX compile features
[0.267s] -- Detecting CXX compile features - done
[0.275s] [31mCMake Error at CMakeLists.txt:19 (find_package):
[0.275s]   By not providing "Findament_cmake.cmake" in CMAKE_MODULE_PATH this project
[0.275s]   has asked CMake to find a package configuration file provided by
[0.275s]   "ament_cmake", but CMake did not find one.
[0.275s] 
[0.275s]   Could not find a package configuration file provided by "ament_cmake" with
[0.275s]   any of the following names:
[0.275s] 
[0.275s]     ament_cmakeConfig.cmake
[0.275s]     ament_cmake-config.cmake
[0.275s] 
[0.275s]   Add the installation prefix of "ament_cmake" to CMAKE_PREFIX_PATH or set
[0.275s]   "ament_cmake_DIR" to a directory containing one of the above files.  If
[0.275s]   "ament_cmake" provides a separate development package or SDK, be sure it
[0.275s]   has been installed.
[0.275s] 
[0.275s] [0m
[0.275s] -- Configuring incomplete, errors occurred!
[0.275s] See also "/home/telemaque/Robotics_Lab/ros2_ws/build/force_land/CMakeFiles/CMakeOutput.log".
[0.277s] Invoked command in '/home/telemaque/Robotics_Lab/ros2_ws/build/force_land' returned '1': /usr/bin/cmake /home/telemaque/Robotics_Lab/ros2_ws/force_land -DCMAKE_INSTALL_PREFIX=/home/telemaque/Robotics_Lab/ros2_ws/install/force_land
