-- Found ament_cmake: 1.3.12 (/opt/ros/humble/share/ament_cmake/cmake)
-- Override CMake install command with custom implementation using symlinks instead of copying resources
-- Found ament_lint_auto: 0.12.14 (/opt/ros/humble/share/ament_lint_auto/cmake)
-- Added test 'flake8' to check Python code syntax and style conventions
-- Added test 'lint_cmake' to check CMake code style
-- Added test 'pep257' to check Python code against some of the docstring style conventions in PEP 257
-- Added test 'xmllint' to check XML markup files
-- Configuring done
-- Generating done
-- Build files have been written to: /home/telemaque/Robotics_Lab/ros2_ws/build/armando_gazebo
-- Install configuration: ""
-- Execute custom install script
-- Up-to-date symlink: /home/telemaque/Robotics_Lab/ros2_ws/install/armando_gazebo/share/armando_gazebo/launch/armando_world.launch.py
-- Symlinking: /home/telemaque/Robotics_Lab/ros2_ws/install/armando_gazebo/share/armando_gazebo/armando_camera.xacro
-- Up-to-date symlink: /home/telemaque/Robotics_Lab/ros2_ws/install/armando_gazebo/share/ament_index/resource_index/package_run_dependencies/armando_gazebo
-- Up-to-date symlink: /home/telemaque/Robotics_Lab/ros2_ws/install/armando_gazebo/share/ament_index/resource_index/parent_prefix_path/armando_gazebo
-- Up-to-date symlink: /home/telemaque/Robotics_Lab/ros2_ws/install/armando_gazebo/share/armando_gazebo/environment/ament_prefix_path.sh
-- Up-to-date symlink: /home/telemaque/Robotics_Lab/ros2_ws/install/armando_gazebo/share/armando_gazebo/environment/ament_prefix_path.dsv
-- Up-to-date symlink: /home/telemaque/Robotics_Lab/ros2_ws/install/armando_gazebo/share/armando_gazebo/environment/path.sh
-- Up-to-date symlink: /home/telemaque/Robotics_Lab/ros2_ws/install/armando_gazebo/share/armando_gazebo/environment/path.dsv
-- Up-to-date symlink: /home/telemaque/Robotics_Lab/ros2_ws/install/armando_gazebo/share/armando_gazebo/local_setup.bash
-- Up-to-date symlink: /home/telemaque/Robotics_Lab/ros2_ws/install/armando_gazebo/share/armando_gazebo/local_setup.sh
-- Up-to-date symlink: /home/telemaque/Robotics_Lab/ros2_ws/install/armando_gazebo/share/armando_gazebo/local_setup.zsh
-- Up-to-date symlink: /home/telemaque/Robotics_Lab/ros2_ws/install/armando_gazebo/share/armando_gazebo/local_setup.dsv
-- Symlinking: /home/telemaque/Robotics_Lab/ros2_ws/install/armando_gazebo/share/armando_gazebo/package.dsv
-- Up-to-date symlink: /home/telemaque/Robotics_Lab/ros2_ws/install/armando_gazebo/share/ament_index/resource_index/packages/armando_gazebo
-- Up-to-date symlink: /home/telemaque/Robotics_Lab/ros2_ws/install/armando_gazebo/share/armando_gazebo/cmake/armando_gazeboConfig.cmake
-- Up-to-date symlink: /home/telemaque/Robotics_Lab/ros2_ws/install/armando_gazebo/share/armando_gazebo/cmake/armando_gazeboConfig-version.cmake
-- Up-to-date symlink: /home/telemaque/Robotics_Lab/ros2_ws/install/armando_gazebo/share/armando_gazebo/package.xml
