[0.049s] Invoking command in '/home/telemaque/Robotics_Lab/ros2_ws/build/apps': /usr/bin/cmake /home/telemaque/Robotics_Lab/ros2_ws/src/modules/muorb/apps -DCMAKE_INSTALL_PREFIX=/home/telemaque/Robotics_Lab/ros2_ws/install/apps
[0.431s] -- The C compiler identification is GNU 11.4.0
[0.431s] -- The CXX compiler identification is GNU 11.4.0
[0.431s] -- Detecting C compiler ABI info
[0.431s] -- Detecting C compiler ABI info - done
[0.431s] -- Check for working C compiler: /usr/bin/cc - skipped
[0.431s] -- Detecting C compile features
[0.431s] -- Detecting C compile features - done
[0.431s] -- Detecting CXX compiler ABI info
[0.433s] [33mCMake Warning (dev) in CMakeLists.txt:
[0.433s]   No project() command is present.  The top-level CMakeLists.txt file must
[0.433s]   contain a literal, direct call to the project() command.  Add a line of
[0.433s]   code such as
[0.433s] 
[0.433s]     project(ProjectName)
[0.433s] 
[0.433s]   near the top of the file, but after cmake_minimum_required().
[0.433s] 
[0.433s]   CMake is pretending there is a "project(Project)" command on the first
[0.433s]   line.
[0.433s] This warning is for project developers.  Use -Wno-dev to suppress it.
[0.434s] [0m
[0.437s] -- Detecting CXX compiler ABI info - done
[0.440s] -- Check for working CXX compiler: /usr/bin/c++ - skipped
[0.440s] -- Detecting CXX compile features
[0.441s] -- Detecting CXX compile features - done
[0.441s] [31mCMake Error at CMakeLists.txt:34 (px4_add_module):
[0.441s]   Unknown CMake command "px4_add_module".
[0.441s] 
[0.441s] [0m
[0.441s] [33mCMake Warning (dev) in CMakeLists.txt:
[0.441s]   No cmake_minimum_required command is present.  A line of code such as
[0.441s] 
[0.441s]     cmake_minimum_required(VERSION 3.22)
[0.441s] 
[0.441s]   should be added at the top of the file.  The version specified may be lower
[0.442s]   if you wish to support older CMake versions for this project.  For more
[0.442s]   information run "cmake --help-policy CMP0000".
[0.442s] This warning is for project developers.  Use -Wno-dev to suppress it.
[0.442s] [0m
[0.442s] -- Configuring incomplete, errors occurred!
[0.442s] See also "/home/telemaque/Robotics_Lab/ros2_ws/build/apps/CMakeFiles/CMakeOutput.log".
