[0.012s] Invoking command in '/home/telemaque/Robotics_Lab/ros2_ws/build/force_land': CMAKE_PREFIX_PATH=/home/telemaque/Robotics_Lab/ros2_ws/install/px4_msgs:/home/telemaque/Robotics_Lab/ros2_ws/install/force_land:/opt/ros/humble /usr/bin/cmake --build /home/telemaque/Robotics_Lab/ros2_ws/build/force_land -- -j12 -l12
[0.049s] [35m[1mConsolidate compiler generated dependencies of target force_land[0m
[0.064s] [100%] Built target force_land
[0.075s] Invoked command in '/home/telemaque/Robotics_Lab/ros2_ws/build/force_land' returned '0': CMAKE_PREFIX_PATH=/home/telemaque/Robotics_Lab/ros2_ws/install/px4_msgs:/home/telemaque/Robotics_Lab/ros2_ws/install/force_land:/opt/ros/humble /usr/bin/cmake --build /home/telemaque/Robotics_Lab/ros2_ws/build/force_land -- -j12 -l12
[0.084s] Invoking command in '/home/telemaque/Robotics_Lab/ros2_ws/build/force_land': CMAKE_PREFIX_PATH=/home/telemaque/Robotics_Lab/ros2_ws/install/px4_msgs:/home/telemaque/Robotics_Lab/ros2_ws/install/force_land:/opt/ros/humble /usr/bin/cmake --install /home/telemaque/Robotics_Lab/ros2_ws/build/force_land
[0.095s] -- Install configuration: ""
[0.095s] -- Up-to-date: /home/telemaque/Robotics_Lab/ros2_ws/install/force_land/lib/force_land/force_land
[0.095s] -- Up-to-date: /home/telemaque/Robotics_Lab/ros2_ws/install/force_land/share/ament_index/resource_index/package_run_dependencies/force_land
[0.095s] -- Up-to-date: /home/telemaque/Robotics_Lab/ros2_ws/install/force_land/share/ament_index/resource_index/parent_prefix_path/force_land
[0.095s] -- Up-to-date: /home/telemaque/Robotics_Lab/ros2_ws/install/force_land/share/force_land/environment/ament_prefix_path.sh
[0.095s] -- Up-to-date: /home/telemaque/Robotics_Lab/ros2_ws/install/force_land/share/force_land/environment/ament_prefix_path.dsv
[0.095s] -- Up-to-date: /home/telemaque/Robotics_Lab/ros2_ws/install/force_land/share/force_land/environment/path.sh
[0.095s] -- Up-to-date: /home/telemaque/Robotics_Lab/ros2_ws/install/force_land/share/force_land/environment/path.dsv
[0.095s] -- Up-to-date: /home/telemaque/Robotics_Lab/ros2_ws/install/force_land/share/force_land/local_setup.bash
[0.096s] -- Up-to-date: /home/telemaque/Robotics_Lab/ros2_ws/install/force_land/share/force_land/local_setup.sh
[0.096s] -- Up-to-date: /home/telemaque/Robotics_Lab/ros2_ws/install/force_land/share/force_land/local_setup.zsh
[0.096s] -- Up-to-date: /home/telemaque/Robotics_Lab/ros2_ws/install/force_land/share/force_land/local_setup.dsv
[0.096s] -- Installing: /home/telemaque/Robotics_Lab/ros2_ws/install/force_land/share/force_land/package.dsv
[0.096s] -- Up-to-date: /home/telemaque/Robotics_Lab/ros2_ws/install/force_land/share/ament_index/resource_index/packages/force_land
[0.096s] -- Up-to-date: /home/telemaque/Robotics_Lab/ros2_ws/install/force_land/share/force_land/cmake/force_landConfig.cmake
[0.096s] -- Up-to-date: /home/telemaque/Robotics_Lab/ros2_ws/install/force_land/share/force_land/cmake/force_landConfig-version.cmake
[0.096s] -- Up-to-date: /home/telemaque/Robotics_Lab/ros2_ws/install/force_land/share/force_land/package.xml
[0.097s] Invoked command in '/home/telemaque/Robotics_Lab/ros2_ws/build/force_land' returned '0': CMAKE_PREFIX_PATH=/home/telemaque/Robotics_Lab/ros2_ws/install/px4_msgs:/home/telemaque/Robotics_Lab/ros2_ws/install/force_land:/opt/ros/humble /usr/bin/cmake --install /home/telemaque/Robotics_Lab/ros2_ws/build/force_land
