[0.352s] DEBUG:colcon:Command line arguments: ['/usr/bin/colcon', 'build', '--packages-select', 'offboard_rl']
[0.352s] DEBUG:colcon:Parsed command line arguments: Namespace(log_base=None, log_level=None, verb_name='build', build_base='build', install_base='install', merge_install=False, symlink_install=False, test_result_base=None, continue_on_error=False, executor='parallel', parallel_workers=12, event_handlers=None, ignore_user_meta=False, metas=['./colcon.meta'], base_paths=['.'], packages_ignore=None, packages_ignore_regex=None, paths=None, packages_up_to=None, packages_up_to_regex=None, packages_above=None, packages_above_and_dependencies=None, packages_above_depth=None, packages_select_by_dep=None, packages_skip_by_dep=None, packages_skip_up_to=None, packages_select_build_failed=False, packages_skip_build_finished=False, packages_select_test_failures=False, packages_skip_test_passed=False, packages_select=['offboard_rl'], packages_skip=None, packages_select_regex=None, packages_skip_regex=None, packages_start=None, packages_end=None, allow_overriding=[], cmake_args=None, cmake_target=None, cmake_target_skip_unavailable=False, cmake_clean_cache=False, cmake_clean_first=False, cmake_force_configure=False, ament_cmake_args=None, catkin_cmake_args=None, catkin_skip_building_tests=False, verb_parser=<colcon_defaults.argument_parser.defaults.DefaultArgumentsDecorator object at 0x706b8a934e80>, verb_extension=<colcon_core.verb.build.BuildVerb object at 0x706b8aa5ea10>, main=<bound method BuildVerb.main of <colcon_core.verb.build.BuildVerb object at 0x706b8aa5ea10>>)
[0.666s] Level 1:colcon.colcon_core.package_discovery:discover_packages(colcon_meta) check parameters
[0.667s] Level 1:colcon.colcon_core.package_discovery:discover_packages(recursive) check parameters
[0.667s] Level 1:colcon.colcon_core.package_discovery:discover_packages(ignore) check parameters
[0.667s] Level 1:colcon.colcon_core.package_discovery:discover_packages(path) check parameters
[0.667s] Level 1:colcon.colcon_core.package_discovery:discover_packages(colcon_meta) discover
[0.667s] Level 1:colcon.colcon_core.package_discovery:discover_packages(recursive) discover
[0.667s] INFO:colcon.colcon_core.package_discovery:Crawling recursively for packages in '/home/telemaque/Robotics_Lab/ros2_ws'
[0.667s] Level 1:colcon.colcon_core.package_identification:_identify(.) by extensions ['ignore', 'ignore_ament_install']
[0.668s] Level 1:colcon.colcon_core.package_identification:_identify(.) by extension 'ignore'
[0.668s] Level 1:colcon.colcon_core.package_identification:_identify(.) by extension 'ignore_ament_install'
[0.668s] Level 1:colcon.colcon_core.package_identification:_identify(.) by extensions ['colcon_pkg']
[0.668s] Level 1:colcon.colcon_core.package_identification:_identify(.) by extension 'colcon_pkg'
[0.668s] Level 1:colcon.colcon_core.package_identification:_identify(.) by extensions ['colcon_meta']
[0.668s] Level 1:colcon.colcon_core.package_identification:_identify(.) by extension 'colcon_meta'
[0.669s] Level 1:colcon.colcon_core.package_identification:_identify(.) by extensions ['ros']
[0.669s] Level 1:colcon.colcon_core.package_identification:_identify(.) by extension 'ros'
[0.732s] Level 1:colcon.colcon_core.package_identification:_identify(.) by extensions ['cmake', 'python']
[0.732s] Level 1:colcon.colcon_core.package_identification:_identify(.) by extension 'cmake'
[0.733s] Level 1:colcon.colcon_core.package_identification:_identify(.) by extension 'python'
[0.733s] Level 1:colcon.colcon_core.package_identification:_identify(.) by extensions ['python_setup_py']
[0.733s] Level 1:colcon.colcon_core.package_identification:_identify(.) by extension 'python_setup_py'
[0.733s] Level 1:colcon.colcon_core.package_identification:_identify(PX4-Autopilot) by extensions ['ignore', 'ignore_ament_install']
[0.733s] Level 1:colcon.colcon_core.package_identification:_identify(PX4-Autopilot) by extension 'ignore'
[0.733s] Level 1:colcon.colcon_core.package_identification:_identify(PX4-Autopilot) by extension 'ignore_ament_install'
[0.733s] Level 1:colcon.colcon_core.package_identification:_identify(PX4-Autopilot) by extensions ['colcon_pkg']
[0.733s] Level 1:colcon.colcon_core.package_identification:_identify(PX4-Autopilot) by extension 'colcon_pkg'
[0.733s] Level 1:colcon.colcon_core.package_identification:_identify(PX4-Autopilot) by extensions ['colcon_meta']
[0.733s] Level 1:colcon.colcon_core.package_identification:_identify(PX4-Autopilot) by extension 'colcon_meta'
[0.733s] Level 1:colcon.colcon_core.package_identification:_identify(PX4-Autopilot) by extensions ['ros']
[0.733s] Level 1:colcon.colcon_core.package_identification:_identify(PX4-Autopilot) by extension 'ros'
[0.738s] DEBUG:colcon.colcon_core.package_identification:Package 'PX4-Autopilot' with type 'ros.ament_cmake' and name 'px4'
[0.738s] Level 1:colcon.colcon_core.package_identification:_identify(bag) by extensions ['ignore', 'ignore_ament_install']
[0.739s] Level 1:colcon.colcon_core.package_identification:_identify(bag) by extension 'ignore'
[0.739s] Level 1:colcon.colcon_core.package_identification:_identify(bag) by extension 'ignore_ament_install'
[0.739s] Level 1:colcon.colcon_core.package_identification:_identify(bag) by extensions ['colcon_pkg']
[0.739s] Level 1:colcon.colcon_core.package_identification:_identify(bag) by extension 'colcon_pkg'
[0.739s] Level 1:colcon.colcon_core.package_identification:_identify(bag) by extensions ['colcon_meta']
[0.739s] Level 1:colcon.colcon_core.package_identification:_identify(bag) by extension 'colcon_meta'
[0.739s] Level 1:colcon.colcon_core.package_identification:_identify(bag) by extensions ['ros']
[0.739s] Level 1:colcon.colcon_core.package_identification:_identify(bag) by extension 'ros'
[0.739s] Level 1:colcon.colcon_core.package_identification:_identify(bag) by extensions ['cmake', 'python']
[0.739s] Level 1:colcon.colcon_core.package_identification:_identify(bag) by extension 'cmake'
[0.739s] Level 1:colcon.colcon_core.package_identification:_identify(bag) by extension 'python'
[0.739s] Level 1:colcon.colcon_core.package_identification:_identify(bag) by extensions ['python_setup_py']
[0.739s] Level 1:colcon.colcon_core.package_identification:_identify(bag) by extension 'python_setup_py'
[0.740s] Level 1:colcon.colcon_core.package_identification:_identify(bag/test_force_land) by extensions ['ignore', 'ignore_ament_install']
[0.740s] Level 1:colcon.colcon_core.package_identification:_identify(bag/test_force_land) by extension 'ignore'
[0.740s] Level 1:colcon.colcon_core.package_identification:_identify(bag/test_force_land) by extension 'ignore_ament_install'
[0.740s] Level 1:colcon.colcon_core.package_identification:_identify(bag/test_force_land) by extensions ['colcon_pkg']
[0.740s] Level 1:colcon.colcon_core.package_identification:_identify(bag/test_force_land) by extension 'colcon_pkg'
[0.740s] Level 1:colcon.colcon_core.package_identification:_identify(bag/test_force_land) by extensions ['colcon_meta']
[0.740s] Level 1:colcon.colcon_core.package_identification:_identify(bag/test_force_land) by extension 'colcon_meta'
[0.740s] Level 1:colcon.colcon_core.package_identification:_identify(bag/test_force_land) by extensions ['ros']
[0.740s] Level 1:colcon.colcon_core.package_identification:_identify(bag/test_force_land) by extension 'ros'
[0.740s] Level 1:colcon.colcon_core.package_identification:_identify(bag/test_force_land) by extensions ['cmake', 'python']
[0.740s] Level 1:colcon.colcon_core.package_identification:_identify(bag/test_force_land) by extension 'cmake'
[0.740s] Level 1:colcon.colcon_core.package_identification:_identify(bag/test_force_land) by extension 'python'
[0.740s] Level 1:colcon.colcon_core.package_identification:_identify(bag/test_force_land) by extensions ['python_setup_py']
[0.740s] Level 1:colcon.colcon_core.package_identification:_identify(bag/test_force_land) by extension 'python_setup_py'
[0.741s] Level 1:colcon.colcon_core.package_identification:_identify(bag/test_trajectory) by extensions ['ignore', 'ignore_ament_install']
[0.741s] Level 1:colcon.colcon_core.package_identification:_identify(bag/test_trajectory) by extension 'ignore'
[0.741s] Level 1:colcon.colcon_core.package_identification:_identify(bag/test_trajectory) by extension 'ignore_ament_install'
[0.741s] Level 1:colcon.colcon_core.package_identification:_identify(bag/test_trajectory) by extensions ['colcon_pkg']
[0.741s] Level 1:colcon.colcon_core.package_identification:_identify(bag/test_trajectory) by extension 'colcon_pkg'
[0.741s] Level 1:colcon.colcon_core.package_identification:_identify(bag/test_trajectory) by extensions ['colcon_meta']
[0.741s] Level 1:colcon.colcon_core.package_identification:_identify(bag/test_trajectory) by extension 'colcon_meta'
[0.741s] Level 1:colcon.colcon_core.package_identification:_identify(bag/test_trajectory) by extensions ['ros']
[0.741s] Level 1:colcon.colcon_core.package_identification:_identify(bag/test_trajectory) by extension 'ros'
[0.741s] Level 1:colcon.colcon_core.package_identification:_identify(bag/test_trajectory) by extensions ['cmake', 'python']
[0.741s] Level 1:colcon.colcon_core.package_identification:_identify(bag/test_trajectory) by extension 'cmake'
[0.741s] Level 1:colcon.colcon_core.package_identification:_identify(bag/test_trajectory) by extension 'python'
[0.741s] Level 1:colcon.colcon_core.package_identification:_identify(bag/test_trajectory) by extensions ['python_setup_py']
[0.741s] Level 1:colcon.colcon_core.package_identification:_identify(bag/test_trajectory) by extension 'python_setup_py'
[0.742s] Level 1:colcon.colcon_core.package_identification:_identify(build) by extensions ['ignore', 'ignore_ament_install']
[0.742s] Level 1:colcon.colcon_core.package_identification:_identify(build) by extension 'ignore'
[0.742s] Level 1:colcon.colcon_core.package_identification:_identify(build) ignored
[0.742s] Level 1:colcon.colcon_core.package_identification:_identify(force_land) by extensions ['ignore', 'ignore_ament_install']
[0.742s] Level 1:colcon.colcon_core.package_identification:_identify(force_land) by extension 'ignore'
[0.742s] Level 1:colcon.colcon_core.package_identification:_identify(force_land) by extension 'ignore_ament_install'
[0.742s] Level 1:colcon.colcon_core.package_identification:_identify(force_land) by extensions ['colcon_pkg']
[0.742s] Level 1:colcon.colcon_core.package_identification:_identify(force_land) by extension 'colcon_pkg'
[0.742s] Level 1:colcon.colcon_core.package_identification:_identify(force_land) by extensions ['colcon_meta']
[0.742s] Level 1:colcon.colcon_core.package_identification:_identify(force_land) by extension 'colcon_meta'
[0.742s] Level 1:colcon.colcon_core.package_identification:_identify(force_land) by extensions ['ros']
[0.742s] Level 1:colcon.colcon_core.package_identification:_identify(force_land) by extension 'ros'
[0.744s] DEBUG:colcon.colcon_core.package_identification:Package 'force_land' with type 'ros.ament_cmake' and name 'force_land'
[0.744s] Level 1:colcon.colcon_core.package_identification:_identify(install) by extensions ['ignore', 'ignore_ament_install']
[0.744s] Level 1:colcon.colcon_core.package_identification:_identify(install) by extension 'ignore'
[0.744s] Level 1:colcon.colcon_core.package_identification:_identify(install) ignored
[0.744s] Level 1:colcon.colcon_core.package_identification:_identify(log) by extensions ['ignore', 'ignore_ament_install']
[0.744s] Level 1:colcon.colcon_core.package_identification:_identify(log) by extension 'ignore'
[0.744s] Level 1:colcon.colcon_core.package_identification:_identify(log) ignored
[0.744s] Level 1:colcon.colcon_core.package_identification:_identify(offboard_rl) by extensions ['ignore', 'ignore_ament_install']
[0.744s] Level 1:colcon.colcon_core.package_identification:_identify(offboard_rl) by extension 'ignore'
[0.745s] Level 1:colcon.colcon_core.package_identification:_identify(offboard_rl) by extension 'ignore_ament_install'
[0.745s] Level 1:colcon.colcon_core.package_identification:_identify(offboard_rl) by extensions ['colcon_pkg']
[0.745s] Level 1:colcon.colcon_core.package_identification:_identify(offboard_rl) by extension 'colcon_pkg'
[0.745s] Level 1:colcon.colcon_core.package_identification:_identify(offboard_rl) by extensions ['colcon_meta']
[0.745s] Level 1:colcon.colcon_core.package_identification:_identify(offboard_rl) by extension 'colcon_meta'
[0.745s] Level 1:colcon.colcon_core.package_identification:_identify(offboard_rl) by extensions ['ros']
[0.745s] Level 1:colcon.colcon_core.package_identification:_identify(offboard_rl) by extension 'ros'
[0.746s] DEBUG:colcon.colcon_core.package_identification:Package 'offboard_rl' with type 'ros.ament_cmake' and name 'offboard_rl'
[0.746s] Level 1:colcon.colcon_core.package_identification:_identify(px4_msgs) by extensions ['ignore', 'ignore_ament_install']
[0.746s] Level 1:colcon.colcon_core.package_identification:_identify(px4_msgs) by extension 'ignore'
[0.746s] Level 1:colcon.colcon_core.package_identification:_identify(px4_msgs) by extension 'ignore_ament_install'
[0.746s] Level 1:colcon.colcon_core.package_identification:_identify(px4_msgs) by extensions ['colcon_pkg']
[0.746s] Level 1:colcon.colcon_core.package_identification:_identify(px4_msgs) by extension 'colcon_pkg'
[0.746s] Level 1:colcon.colcon_core.package_identification:_identify(px4_msgs) by extensions ['colcon_meta']
[0.746s] Level 1:colcon.colcon_core.package_identification:_identify(px4_msgs) by extension 'colcon_meta'
[0.746s] Level 1:colcon.colcon_core.package_identification:_identify(px4_msgs) by extensions ['ros']
[0.746s] Level 1:colcon.colcon_core.package_identification:_identify(px4_msgs) by extension 'ros'
[0.748s] DEBUG:colcon.colcon_core.package_identification:Package 'px4_msgs' with type 'ros.ament_cmake' and name 'px4_msgs'
[0.748s] Level 1:colcon.colcon_core.package_discovery:discover_packages(recursive) using defaults
[0.748s] Level 1:colcon.colcon_core.package_discovery:discover_packages(ignore) discover
[0.748s] Level 1:colcon.colcon_core.package_discovery:discover_packages(ignore) using defaults
[0.748s] Level 1:colcon.colcon_core.package_discovery:discover_packages(path) discover
[0.748s] Level 1:colcon.colcon_core.package_discovery:discover_packages(path) using defaults
[0.786s] INFO:colcon.colcon_core.package_selection:Skipping not selected package 'px4' in 'PX4-Autopilot'
[0.786s] INFO:colcon.colcon_core.package_selection:Skipping not selected package 'px4_msgs' in 'px4_msgs'
[0.786s] INFO:colcon.colcon_core.package_selection:Skipping not selected package 'force_land' in 'force_land'
[0.787s] Level 1:colcon.colcon_core.package_discovery:discover_packages(prefix_path) check parameters
[0.787s] Level 1:colcon.colcon_core.package_discovery:discover_packages(prefix_path) discover
[0.790s] DEBUG:colcon.colcon_installed_package_information.package_discovery:Found 3 installed packages in /home/telemaque/Robotics_Lab/ros2_ws/install
[0.792s] DEBUG:colcon.colcon_installed_package_information.package_discovery:Found 334 installed packages in /opt/ros/humble
[0.795s] Level 1:colcon.colcon_core.package_discovery:discover_packages(prefix_path) using defaults
[0.840s] Level 5:colcon.colcon_core.verb:set package 'offboard_rl' build argument 'cmake_args' from command line to 'None'
[0.840s] Level 5:colcon.colcon_core.verb:set package 'offboard_rl' build argument 'cmake_target' from command line to 'None'
[0.840s] Level 5:colcon.colcon_core.verb:set package 'offboard_rl' build argument 'cmake_target_skip_unavailable' from command line to 'False'
[0.840s] Level 5:colcon.colcon_core.verb:set package 'offboard_rl' build argument 'cmake_clean_cache' from command line to 'False'
[0.840s] Level 5:colcon.colcon_core.verb:set package 'offboard_rl' build argument 'cmake_clean_first' from command line to 'False'
[0.840s] Level 5:colcon.colcon_core.verb:set package 'offboard_rl' build argument 'cmake_force_configure' from command line to 'False'
[0.840s] Level 5:colcon.colcon_core.verb:set package 'offboard_rl' build argument 'ament_cmake_args' from command line to 'None'
[0.840s] Level 5:colcon.colcon_core.verb:set package 'offboard_rl' build argument 'catkin_cmake_args' from command line to 'None'
[0.840s] Level 5:colcon.colcon_core.verb:set package 'offboard_rl' build argument 'catkin_skip_building_tests' from command line to 'False'
[0.840s] DEBUG:colcon.colcon_core.verb:Building package 'offboard_rl' with the following arguments: {'ament_cmake_args': None, 'build_base': '/home/telemaque/Robotics_Lab/ros2_ws/build/offboard_rl', 'catkin_cmake_args': None, 'catkin_skip_building_tests': False, 'cmake_args': None, 'cmake_clean_cache': False, 'cmake_clean_first': False, 'cmake_force_configure': False, 'cmake_target': None, 'cmake_target_skip_unavailable': False, 'install_base': '/home/telemaque/Robotics_Lab/ros2_ws/install/offboard_rl', 'merge_install': False, 'path': '/home/telemaque/Robotics_Lab/ros2_ws/offboard_rl', 'symlink_install': False, 'test_result_base': None}
[0.840s] INFO:colcon.colcon_core.executor:Executing jobs using 'parallel' executor
[0.842s] DEBUG:colcon.colcon_parallel_executor.executor.parallel:run_until_complete
[0.842s] INFO:colcon.colcon_ros.task.ament_cmake.build:Building ROS package in '/home/telemaque/Robotics_Lab/ros2_ws/offboard_rl' with build type 'ament_cmake'
[0.842s] INFO:colcon.colcon_cmake.task.cmake.build:Building CMake package in '/home/telemaque/Robotics_Lab/ros2_ws/offboard_rl'
[0.846s] INFO:colcon.colcon_core.plugin_system:Skipping extension 'colcon_core.shell.bat': Not used on non-Windows systems
[0.846s] INFO:colcon.colcon_core.shell:Skip shell extension 'powershell' for command environment: Not usable outside of PowerShell
[0.846s] DEBUG:colcon.colcon_core.shell:Skip shell extension 'dsv' for command environment
[0.869s] DEBUG:colcon.colcon_core.event_handler.log_command:Invoking command in '/home/telemaque/Robotics_Lab/ros2_ws/build/offboard_rl': CMAKE_PREFIX_PATH=/home/telemaque/Robotics_Lab/ros2_ws/install/px4_msgs:/home/telemaque/Robotics_Lab/ros2_ws/install/force_land:/opt/ros/humble /usr/bin/cmake /home/telemaque/Robotics_Lab/ros2_ws/offboard_rl -DCMAKE_INSTALL_PREFIX=/home/telemaque/Robotics_Lab/ros2_ws/install/offboard_rl
[2.316s] DEBUG:colcon.colcon_core.event_handler.log_command:Invoked command in '/home/telemaque/Robotics_Lab/ros2_ws/build/offboard_rl' returned '0': CMAKE_PREFIX_PATH=/home/telemaque/Robotics_Lab/ros2_ws/install/px4_msgs:/home/telemaque/Robotics_Lab/ros2_ws/install/force_land:/opt/ros/humble /usr/bin/cmake /home/telemaque/Robotics_Lab/ros2_ws/offboard_rl -DCMAKE_INSTALL_PREFIX=/home/telemaque/Robotics_Lab/ros2_ws/install/offboard_rl
[2.320s] DEBUG:colcon.colcon_core.event_handler.log_command:Invoking command in '/home/telemaque/Robotics_Lab/ros2_ws/build/offboard_rl': CMAKE_PREFIX_PATH=/home/telemaque/Robotics_Lab/ros2_ws/install/px4_msgs:/home/telemaque/Robotics_Lab/ros2_ws/install/force_land:/opt/ros/humble /usr/bin/cmake --build /home/telemaque/Robotics_Lab/ros2_ws/build/offboard_rl -- -j12 -l12
[32.590s] DEBUG:colcon.colcon_core.event_handler.log_command:Invoked command in '/home/telemaque/Robotics_Lab/ros2_ws/build/offboard_rl' returned '0': CMAKE_PREFIX_PATH=/home/telemaque/Robotics_Lab/ros2_ws/install/px4_msgs:/home/telemaque/Robotics_Lab/ros2_ws/install/force_land:/opt/ros/humble /usr/bin/cmake --build /home/telemaque/Robotics_Lab/ros2_ws/build/offboard_rl -- -j12 -l12
[32.604s] DEBUG:colcon.colcon_core.event_handler.log_command:Invoking command in '/home/telemaque/Robotics_Lab/ros2_ws/build/offboard_rl': CMAKE_PREFIX_PATH=/home/telemaque/Robotics_Lab/ros2_ws/install/px4_msgs:/home/telemaque/Robotics_Lab/ros2_ws/install/force_land:/opt/ros/humble /usr/bin/cmake --install /home/telemaque/Robotics_Lab/ros2_ws/build/offboard_rl
[32.626s] Level 1:colcon.colcon_core.environment:create_environment_scripts_only(offboard_rl)
[32.627s] DEBUG:colcon.colcon_core.event_handler.log_command:Invoked command in '/home/telemaque/Robotics_Lab/ros2_ws/build/offboard_rl' returned '0': CMAKE_PREFIX_PATH=/home/telemaque/Robotics_Lab/ros2_ws/install/px4_msgs:/home/telemaque/Robotics_Lab/ros2_ws/install/force_land:/opt/ros/humble /usr/bin/cmake --install /home/telemaque/Robotics_Lab/ros2_ws/build/offboard_rl
[32.637s] Level 1:colcon.colcon_core.environment:checking '/home/telemaque/Robotics_Lab/ros2_ws/install/offboard_rl' for CMake module files
[32.638s] Level 1:colcon.colcon_core.environment:checking '/home/telemaque/Robotics_Lab/ros2_ws/install/offboard_rl' for CMake config files
[32.638s] Level 1:colcon.colcon_core.shell:create_environment_hook('offboard_rl', 'cmake_prefix_path')
[32.638s] INFO:colcon.colcon_core.shell:Creating environment hook '/home/telemaque/Robotics_Lab/ros2_ws/install/offboard_rl/share/offboard_rl/hook/cmake_prefix_path.ps1'
[32.640s] INFO:colcon.colcon_core.shell:Creating environment descriptor '/home/telemaque/Robotics_Lab/ros2_ws/install/offboard_rl/share/offboard_rl/hook/cmake_prefix_path.dsv'
[32.642s] INFO:colcon.colcon_core.shell:Creating environment hook '/home/telemaque/Robotics_Lab/ros2_ws/install/offboard_rl/share/offboard_rl/hook/cmake_prefix_path.sh'
[32.644s] Level 1:colcon.colcon_core.environment:checking '/home/telemaque/Robotics_Lab/ros2_ws/install/offboard_rl/lib'
[32.644s] Level 1:colcon.colcon_core.environment:checking '/home/telemaque/Robotics_Lab/ros2_ws/install/offboard_rl/bin'
[32.644s] Level 1:colcon.colcon_core.environment:checking '/home/telemaque/Robotics_Lab/ros2_ws/install/offboard_rl/lib/pkgconfig/offboard_rl.pc'
[32.645s] Level 1:colcon.colcon_core.environment:checking '/home/telemaque/Robotics_Lab/ros2_ws/install/offboard_rl/lib/python3.10/site-packages'
[32.645s] Level 1:colcon.colcon_core.environment:checking '/home/telemaque/Robotics_Lab/ros2_ws/install/offboard_rl/bin'
[32.646s] INFO:colcon.colcon_core.shell:Creating package script '/home/telemaque/Robotics_Lab/ros2_ws/install/offboard_rl/share/offboard_rl/package.ps1'
[32.648s] INFO:colcon.colcon_core.shell:Creating package descriptor '/home/telemaque/Robotics_Lab/ros2_ws/install/offboard_rl/share/offboard_rl/package.dsv'
[32.649s] INFO:colcon.colcon_core.shell:Creating package script '/home/telemaque/Robotics_Lab/ros2_ws/install/offboard_rl/share/offboard_rl/package.sh'
[32.650s] INFO:colcon.colcon_core.shell:Creating package script '/home/telemaque/Robotics_Lab/ros2_ws/install/offboard_rl/share/offboard_rl/package.bash'
[32.652s] INFO:colcon.colcon_core.shell:Creating package script '/home/telemaque/Robotics_Lab/ros2_ws/install/offboard_rl/share/offboard_rl/package.zsh'
[32.653s] Level 1:colcon.colcon_core.environment:create_file_with_runtime_dependencies(/home/telemaque/Robotics_Lab/ros2_ws/install/offboard_rl/share/colcon-core/packages/offboard_rl)
[32.655s] Level 1:colcon.colcon_core.environment:create_environment_scripts_only(offboard_rl)
[32.655s] Level 1:colcon.colcon_core.environment:checking '/home/telemaque/Robotics_Lab/ros2_ws/install/offboard_rl' for CMake module files
[32.656s] Level 1:colcon.colcon_core.environment:checking '/home/telemaque/Robotics_Lab/ros2_ws/install/offboard_rl' for CMake config files
[32.656s] Level 1:colcon.colcon_core.shell:create_environment_hook('offboard_rl', 'cmake_prefix_path')
[32.656s] INFO:colcon.colcon_core.shell:Creating environment hook '/home/telemaque/Robotics_Lab/ros2_ws/install/offboard_rl/share/offboard_rl/hook/cmake_prefix_path.ps1'
[32.657s] INFO:colcon.colcon_core.shell:Creating environment descriptor '/home/telemaque/Robotics_Lab/ros2_ws/install/offboard_rl/share/offboard_rl/hook/cmake_prefix_path.dsv'
[32.657s] INFO:colcon.colcon_core.shell:Creating environment hook '/home/telemaque/Robotics_Lab/ros2_ws/install/offboard_rl/share/offboard_rl/hook/cmake_prefix_path.sh'
[32.658s] Level 1:colcon.colcon_core.environment:checking '/home/telemaque/Robotics_Lab/ros2_ws/install/offboard_rl/lib'
[32.658s] Level 1:colcon.colcon_core.environment:checking '/home/telemaque/Robotics_Lab/ros2_ws/install/offboard_rl/bin'
[32.658s] Level 1:colcon.colcon_core.environment:checking '/home/telemaque/Robotics_Lab/ros2_ws/install/offboard_rl/lib/pkgconfig/offboard_rl.pc'
[32.658s] Level 1:colcon.colcon_core.environment:checking '/home/telemaque/Robotics_Lab/ros2_ws/install/offboard_rl/lib/python3.10/site-packages'
[32.659s] Level 1:colcon.colcon_core.environment:checking '/home/telemaque/Robotics_Lab/ros2_ws/install/offboard_rl/bin'
[32.659s] INFO:colcon.colcon_core.shell:Creating package script '/home/telemaque/Robotics_Lab/ros2_ws/install/offboard_rl/share/offboard_rl/package.ps1'
[32.660s] INFO:colcon.colcon_core.shell:Creating package descriptor '/home/telemaque/Robotics_Lab/ros2_ws/install/offboard_rl/share/offboard_rl/package.dsv'
[32.660s] INFO:colcon.colcon_core.shell:Creating package script '/home/telemaque/Robotics_Lab/ros2_ws/install/offboard_rl/share/offboard_rl/package.sh'
[32.661s] INFO:colcon.colcon_core.shell:Creating package script '/home/telemaque/Robotics_Lab/ros2_ws/install/offboard_rl/share/offboard_rl/package.bash'
[32.661s] INFO:colcon.colcon_core.shell:Creating package script '/home/telemaque/Robotics_Lab/ros2_ws/install/offboard_rl/share/offboard_rl/package.zsh'
[32.662s] Level 1:colcon.colcon_core.environment:create_file_with_runtime_dependencies(/home/telemaque/Robotics_Lab/ros2_ws/install/offboard_rl/share/colcon-core/packages/offboard_rl)
[32.662s] DEBUG:colcon.colcon_parallel_executor.executor.parallel:closing loop
[32.662s] DEBUG:colcon.colcon_parallel_executor.executor.parallel:loop closed
[32.662s] DEBUG:colcon.colcon_parallel_executor.executor.parallel:run_until_complete finished with '0'
[32.662s] DEBUG:colcon.colcon_core.event_reactor:joining thread
[32.677s] INFO:colcon.colcon_core.plugin_system:Skipping extension 'colcon_notification.desktop_notification.terminal_notifier': Not used on non-Darwin systems
[32.677s] INFO:colcon.colcon_core.plugin_system:Skipping extension 'colcon_notification.desktop_notification.win32': Not used on non-Windows systems
[32.677s] INFO:colcon.colcon_notification.desktop_notification:Sending desktop notification using 'notify2'
[32.713s] DEBUG:colcon.colcon_core.event_reactor:joined thread
[32.713s] INFO:colcon.colcon_core.shell:Creating prefix script '/home/telemaque/Robotics_Lab/ros2_ws/install/local_setup.ps1'
[32.715s] INFO:colcon.colcon_core.shell:Creating prefix util module '/home/telemaque/Robotics_Lab/ros2_ws/install/_local_setup_util_ps1.py'
[32.717s] INFO:colcon.colcon_core.shell:Creating prefix chain script '/home/telemaque/Robotics_Lab/ros2_ws/install/setup.ps1'
[32.719s] INFO:colcon.colcon_core.shell:Creating prefix script '/home/telemaque/Robotics_Lab/ros2_ws/install/local_setup.sh'
[32.720s] INFO:colcon.colcon_core.shell:Creating prefix util module '/home/telemaque/Robotics_Lab/ros2_ws/install/_local_setup_util_sh.py'
[32.721s] INFO:colcon.colcon_core.shell:Creating prefix chain script '/home/telemaque/Robotics_Lab/ros2_ws/install/setup.sh'
[32.722s] INFO:colcon.colcon_core.shell:Creating prefix script '/home/telemaque/Robotics_Lab/ros2_ws/install/local_setup.bash'
[32.723s] INFO:colcon.colcon_core.shell:Creating prefix chain script '/home/telemaque/Robotics_Lab/ros2_ws/install/setup.bash'
[32.725s] INFO:colcon.colcon_core.shell:Creating prefix script '/home/telemaque/Robotics_Lab/ros2_ws/install/local_setup.zsh'
[32.726s] INFO:colcon.colcon_core.shell:Creating prefix chain script '/home/telemaque/Robotics_Lab/ros2_ws/install/setup.zsh'
