[0.051s] Invoking command in '/home/telemaque/Robotics_Lab/ros2_ws/build/airspeed_selector': /usr/bin/cmake /home/telemaque/Robotics_Lab/ros2_ws/src/modules/airspeed_selector -DCMAKE_INSTALL_PREFIX=/home/telemaque/Robotics_Lab/ros2_ws/install/airspeed_selector
[0.429s] [33mCMake Warning (dev) in CMakeLists.txt:
[0.429s]   No project() command is present.  The top-level CMakeLists.txt file must
[0.429s]   contain a literal, direct call to the project() command.  Add a line of
[0.429s]   code such as
[0.429s] 
[0.430s]     project(ProjectName)
[0.430s] 
[0.430s]   near the top of the file, but after cmake_minimum_required().
[0.430s] 
[0.430s]   CMake is pretending there is a "project(Project)" command on the first
[0.430s]   line.
[0.430s] This warning is for project developers.  Use -Wno-dev to suppress it.
[0.431s] [0m
[0.432s] -- The C compiler identification is GNU 11.4.0
[0.432s] -- The CXX compiler identification is GNU 11.4.0
[0.432s] -- Detecting C compiler ABI info
[0.432s] -- Detecting C compiler ABI info - done
[0.432s] -- Check for working C compiler: /usr/bin/cc - skipped
[0.432s] -- Detecting C compile features
[0.432s] -- Detecting C compile features - done
[0.432s] -- Detecting CXX compiler ABI info
[0.432s] -- Detecting CXX compiler ABI info - done
[0.441s] -- Check for working CXX compiler: /usr/bin/c++ - skipped
[0.441s] -- Detecting CXX compile features
[0.442s] -- Detecting CXX compile features - done
[0.442s] -- Configuring incomplete, errors occurred!
[0.442s] See also "/home/telemaque/Robotics_Lab/ros2_ws/build/airspeed_selector/CMakeFiles/CMakeOutput.log".
[0.442s] [31mCMake Error at CMakeLists.txt:33 (px4_add_module):
[0.442s]   Unknown CMake command "px4_add_module".
[0.442s] 
[0.442s] [0m
[0.442s] [33mCMake Warning (dev) in CMakeLists.txt:
[0.442s]   No cmake_minimum_required command is present.  A line of code such as
[0.442s] 
[0.443s]     cmake_minimum_required(VERSION 3.22)
[0.443s] 
[0.443s]   should be added at the top of the file.  The version specified may be lower
[0.443s]   if you wish to support older CMake versions for this project.  For more
[0.443s]   information run "cmake --help-policy CMP0000".
[0.443s] This warning is for project developers.  Use -Wno-dev to suppress it.
[0.443s] [0m
