[0.012s] Invoking command in '/home/telemaque/Robotics_Lab/ros2_ws/build/force_land': CMAKE_PREFIX_PATH=/opt/ros/humble /usr/bin/cmake /home/telemaque/Robotics_Lab/ros2_ws/force_land -DCMAKE_INSTALL_PREFIX=/home/telemaque/Robotics_Lab/ros2_ws/install/force_land
[0.027s] -- Found ament_cmake: 1.3.12 (/opt/ros/humble/share/ament_cmake/cmake)
[0.166s] -- Found Python3: /usr/bin/python3 (found version "3.10.12") found components: Interpreter 
[0.279s] [31mCMake Error at CMakeLists.txt:20 (find_package):
[0.279s]   By not providing "Findpx4_msgs.cmake" in CMAKE_MODULE_PATH this project has
[0.279s]   asked CMake to find a package configuration file provided by "px4_msgs",
[0.279s]   but CMake did not find one.
[0.279s] 
[0.279s]   Could not find a package configuration file provided by "px4_msgs" with any
[0.279s]   of the following names:
[0.280s] 
[0.280s]     px4_msgsConfig.cmake
[0.280s]     px4_msgs-config.cmake
[0.280s] 
[0.280s]   Add the installation prefix of "px4_msgs" to CMAKE_PREFIX_PATH or set
[0.280s]   "px4_msgs_DIR" to a directory containing one of the above files.  If
[0.280s]   "px4_msgs" provides a separate development package or SDK, be sure it has
[0.280s]   been installed.
[0.280s] 
[0.280s] [0m
[0.280s] -- Configuring incomplete, errors occurred!
[0.281s] See also "/home/telemaque/Robotics_Lab/ros2_ws/build/force_land/CMakeFiles/CMakeOutput.log".
[0.282s] Invoked command in '/home/telemaque/Robotics_Lab/ros2_ws/build/force_land' returned '1': CMAKE_PREFIX_PATH=/opt/ros/humble /usr/bin/cmake /home/telemaque/Robotics_Lab/ros2_ws/force_land -DCMAKE_INSTALL_PREFIX=/home/telemaque/Robotics_Lab/ros2_ws/install/force_land
